{"sessionId": "bddb4f", "timestamp": 1780920015173, "location": "extract_postgres.py:fallback", "message": "fallback to existing bronze CSV", "data": {"file": "/opt/airflow/data/bronze/consultations_raw.csv", "size": 58980315}, "hypothesisId": "H1", "runId": "post-fix"}
{"sessionId": "bddb4f", "timestamp": 1780920015170, "location": "extract_postgres.py:fallback", "message": "fallback to existing bronze CSV", "data": {"file": "/opt/airflow/data/bronze/consultations_raw.csv", "size": 58980315}, "hypothesisId": "H1", "runId": "post-fix"}
{"sessionId": "bddb4f", "timestamp": 1780920375286, "location": "extract_satisfaction.py:read", "message": "file read ok", "data": {"file": "Satisfaction_2014_DPA_SSR_recueil2014_donnee2013_table_es.csv", "rows": 1405}, "hypothesisId": "H-sat", "runId": "post-fix"}
{"sessionId": "bddb4f", "timestamp": 1780920375350, "location": "extract_satisfaction.py:read", "message": "file read ok", "data": {"file": "Satisfaction_2014_DPA_SSR_recueil2014_donnee2013_table_es.csv", "rows": 1405}, "hypothesisId": "H-sat", "runId": "post-fix"}
{"sessionId": "bddb4f", "timestamp": 1780920375679, "location": "extract_satisfaction.py:read", "message": "file read ok", "data": {"file": "Satisfaction_2014_DPA_SSR_recueil2014_donnee2013_table_lexique.csv", "rows": 21}, "hypothesisId": "H-sat", "runId": "post-fix"}
{"sessionId": "bddb4f", "timestamp": 1780920375679, "location": "extract_satisfaction.py:read", "message": "file read ok", "data": {"file": "Satisfaction_2014_DPA_SSR_recueil2014_donnee2013_table_lexique.csv", "rows": 21}, "hypothesisId": "H-sat", "runId": "post-fix"}
{"sessionId": "bddb4f", "timestamp": 1780920375761, "location": "extract_satisfaction.py:read", "message": "file read ok", "data": {"file": "Satisfaction_2014_DPA_SSR_recueil2014_donnee2013_table_participant.csv", "rows": 1242}, "hypothesisId": "H-sat", "runId": "post-fix"}
{"sessionId": "bddb4f", "timestamp": 1780920375763, "location": "extract_satisfaction.py:read", "message": "file read ok", "data": {"file": "Satisfaction_2014_DPA_SSR_recueil2014_donnee2013_table_participant.csv", "rows": 1242}, "hypothesisId": "H-sat", "runId": "post-fix"}
{"sessionId": "bddb4f", "timestamp": 1780920376063, "location": "extract_satisfaction.py:read", "message": "file read ok", "data": {"file": "Satisfaction_2014_RCP_MCO_recueil2014_donnee2013_table_es.csv", "rows": 772}, "hypothesisId": "H-sat", "runId": "post-fix"}
{"sessionId": "bddb4f", "timestamp": 1780920376102, "location": "extract_satisfaction.py:read", "message": "file read ok", "data": {"file": "Satisfaction_2014_RCP_MCO_recueil2014_donnee2013_table_es.csv", "rows": 772}, "hypothesisId": "H-sat", "runId": "post-fix"}
{"sessionId": "bddb4f", "timestamp": 1780920376269, "location": "extract_satisfaction.py:read", "message": "file read ok", "data": {"file": "Satisfaction_2014_RCP_MCO_recueil2014_donnee2013_table_lexique.csv", "rows": 5}, "hypothesisId": "H-sat", "runId": "post-fix"}
{"sessionId": "bddb4f", "timestamp": 1780920376334, "location": "extract_satisfaction.py:read", "message": "file read ok", "data": {"file": "Satisfaction_2014_RCP_MCO_recueil2014_donnee2013_table_lexique.csv", "rows": 5}, "hypothesisId": "H-sat", "runId": "post-fix"}
{"sessionId": "bddb4f", "timestamp": 1780920376338, "location": "extract_satisfaction.py:read", "message": "file read ok", "data": {"file": "Satisfaction_2014_RCP_MCO_recueil2014_donnee2013_table_participant.csv", "rows": 776}, "hypothesisId": "H-sat", "runId": "post-fix"}
{"sessionId": "bddb4f", "timestamp": 1780920376393, "location": "extract_satisfaction.py:read", "message": "file read ok", "data": {"file": "Satisfaction_2014_RCP_MCO_recueil2014_donnee2013_table_participant.csv", "rows": 776}, "hypothesisId": "H-sat", "runId": "post-fix"}
{"sessionId": "bddb4f", "timestamp": 1780920376586, "location": "extract_satisfaction.py:read", "message": "file read ok", "data": {"file": "Satisfaction_2015_hpp_mco_recueil2015_donnee2014_lexique.csv", "rows": 18}, "hypothesisId": "H-sat", "runId": "post-fix"}
{"sessionId": "bddb4f", "timestamp": 1780920376629, "location": "extract_satisfaction.py:read", "message": "file read ok", "data": {"file": "Satisfaction_2015_hpp_mco_recueil2015_donnee2014_lexique.csv", "rows": 18}, "hypothesisId": "H-sat", "runId": "post-fix"}
{"sessionId": "bddb4f", "timestamp": 1780920376689, "location": "extract_satisfaction.py:read", "message": "file read ok", "data": {"file": "Satisfaction_2015_hpp_mco_recueil2015_donnee2014_tables_es.csv", "rows": 518}, "hypothesisId": "H-sat", "runId": "post-fix"}
{"sessionId": "bddb4f", "timestamp": 1780920376843, "location": "extract_satisfaction.py:read", "message": "file read ok", "data": {"file": "Satisfaction_2015_hpp_mco_recueil2015_donnee2014_tables_es.csv", "rows": 518}, "hypothesisId": "H-sat", "runId": "post-fix"}
{"sessionId": "bddb4f", "timestamp": 1780920376878, "location": "extract_satisfaction.py:read", "message": "file read ok", "data": {"file": "Satisfaction_2015_idm_mco_recueil2015_donnee2014_tables_es.csv", "rows": 366}, "hypothesisId": "H-sat", "runId": "post-fix"}
{"sessionId": "bddb4f", "timestamp": 1780920376943, "location": "extract_satisfaction.py:read", "message": "file read ok", "data": {"file": "Satisfaction_2015_idm_mco_recueil2015_donnee2014_tables_es.csv", "rows": 366}, "hypothesisId": "H-sat", "runId": "post-fix"}
{"sessionId": "bddb4f", "timestamp": 1780920377062, "location": "extract_satisfaction.py:read", "message": "file read ok", "data": {"file": "Satisfaction_2016_dan_mco_recueil2016_donnee2015_donnees.csv", "rows": 971}, "hypothesisId": "H-sat", "runId": "post-fix"}
{"sessionId": "bddb4f", "timestamp": 1780920377162, "location": "extract_satisfaction.py:read", "message": "file read ok", "data": {"file": "Satisfaction_2016_dan_mco_recueil2016_donnee2015_donnees.csv", "rows": 971}, "hypothesisId": "H-sat", "runId": "post-fix"}
{"sessionId": "bddb4f", "timestamp": 1780920377243, "location": "extract_satisfaction.py:read", "message": "file read ok", "data": {"file": "Satisfaction_2016_dan_mco_recueil2016_donnee2015_lexique.csv", "rows": 17}, "hypothesisId": "H-sat", "runId": "post-fix"}
{"sessionId": "bddb4f", "timestamp": 1780920377359, "location": "extract_satisfaction.py:read", "message": "file read ok", "data": {"file": "Satisfaction_2016_dpa_had_recueil2016_donnee2015_donnees.csv", "rows": 280}, "hypothesisId": "H-sat", "runId": "post-fix"}
{"sessionId": "bddb4f", "timestamp": 1780920377405, "location": "extract_satisfaction.py:read", "message": "file read ok", "data": {"file": "Satisfaction_2016_dan_mco_recueil2016_donnee2015_lexique.csv", "rows": 17}, "hypothesisId": "H-sat", "runId": "post-fix"}
{"sessionId": "bddb4f", "timestamp": 1780920377465, "location": "extract_satisfaction.py:read", "message": "file read ok", "data": {"file": "Satisfaction_2016_dpa_had_recueil2016_donnee2015_lexique.csv", "rows": 32}, "hypothesisId": "H-sat", "runId": "post-fix"}
{"sessionId": "bddb4f", "timestamp": 1780920377509, "location": "extract_satisfaction.py:read", "message": "file read ok", "data": {"file": "Satisfaction_2016_dpa_had_recueil2016_donnee2015_donnees.csv", "rows": 280}, "hypothesisId": "H-sat", "runId": "post-fix"}
{"sessionId": "bddb4f", "timestamp": 1780920377593, "location": "extract_satisfaction.py:read", "message": "file read ok", "data": {"file": "Satisfaction_2016_dpa_had_recueil2016_donnee2015_lexique.csv", "rows": 32}, "hypothesisId": "H-sat", "runId": "post-fix"}
{"sessionId": "bddb4f", "timestamp": 1780920377722, "location": "extract_satisfaction.py:read", "message": "file read ok", "data": {"file": "Satisfaction_2017-2018_dpa-ssr-recueil2018-donnee2017-donnees.csv", "rows": 1518}, "hypothesisId": "H-sat", "runId": "post-fix"}
{"sessionId": "bddb4f", "timestamp": 1780920377841, "location": "extract_satisfaction.py:read", "message": "file read ok", "data": {"file": "Satisfaction_2017-2018_dpa-ssr-recueil2018-donnee2017-donnees.csv", "rows": 1518}, "hypothesisId": "H-sat", "runId": "post-fix"}
{"sessionId": "bddb4f", "timestamp": 1780920378014, "location": "extract_satisfaction.py:read", "message": "file read ok", "data": {"file": "Satisfaction_2017-2018_dpa-ssr-recueil2018-donnee2017-lexique.csv", "rows": 19}, "hypothesisId": "H-sat", "runId": "post-fix"}
{"sessionId": "bddb4f", "timestamp": 1780920378107, "location": "extract_satisfaction.py:read", "message": "file read ok", "data": {"file": "Satisfaction_2017-2018_ete-ortho-ipaqss-2017-2018-donnees.csv", "rows": 740}, "hypothesisId": "H-sat", "runId": "post-fix"}
{"sessionId": "bddb4f", "timestamp": 1780920378158, "location": "extract_satisfaction.py:read", "message": "file read ok", "data": {"file": "Satisfaction_2017-2018_dpa-ssr-recueil2018-donnee2017-lexique.csv", "rows": 19}, "hypothesisId": "H-sat", "runId": "post-fix"}
{"sessionId": "bddb4f", "timestamp": 1780920378236, "location": "extract_satisfaction.py:read", "message": "file read ok", "data": {"file": "Satisfaction_2017-2018_ete-ortho-ipaqss-2017-2018-donnees.csv", "rows": 740}, "hypothesisId": "H-sat", "runId": "post-fix"}
{"sessionId": "bddb4f", "timestamp": 1780920378291, "location": "extract_satisfaction.py:read", "message": "file read ok", "data": {"file": "Satisfaction_2017-2018_ete-ortho-ipaqss-2017-2018-lexique.csv", "rows": 8}, "hypothesisId": "H-sat", "runId": "post-fix"}
{"sessionId": "bddb4f", "timestamp": 1780920378388, "location": "extract_satisfaction.py:read", "message": "file read ok", "data": {"file": "Satisfaction_2017-2018_rcp-mco-recueil2018-donnee2017-donnees.csv", "rows": 728}, "hypothesisId": "H-sat", "runId": "post-fix"}
{"sessionId": "bddb4f", "timestamp": 1780920378430, "location": "extract_satisfaction.py:read", "message": "file read ok", "data": {"file": "Satisfaction_2017-2018_ete-ortho-ipaqss-2017-2018-lexique.csv", "rows": 8}, "hypothesisId": "H-sat", "runId": "post-fix"}
{"sessionId": "bddb4f", "timestamp": 1780920378527, "location": "extract_satisfaction.py:read", "message": "file read ok", "data": {"file": "Satisfaction_2017-2018_rcp-mco-recueil2018-donnee2017-donnees.csv", "rows": 728}, "hypothesisId": "H-sat", "runId": "post-fix"}
{"sessionId": "bddb4f", "timestamp": 1780920378530, "location": "extract_satisfaction.py:read", "message": "file read ok", "data": {"file": "Satisfaction_2017-2018_rcp-mco-recueil2018-donnee2017-lexique.csv", "rows": 12}, "hypothesisId": "H-sat", "runId": "post-fix"}
{"sessionId": "bddb4f", "timestamp": 1780920378580, "location": "extract_satisfaction.py:read", "message": "file read ok", "data": {"file": "Satisfaction_2019_lexique-esatis48h-mco-open-data-2019.csv", "rows": 25}, "hypothesisId": "H-sat", "runId": "post-fix"}
{"sessionId": "bddb4f", "timestamp": 1780920378633, "location": "extract_satisfaction.py:read", "message": "file read ok", "data": {"file": "Satisfaction_2019_lexique-esatisca-mco-open-data-2019.csv", "rows": 23}, "hypothesisId": "H-sat", "runId": "post-fix"}
{"sessionId": "bddb4f", "timestamp": 1780920378674, "location": "extract_satisfaction.py:read", "message": "file read ok", "data": {"file": "Satisfaction_2017-2018_rcp-mco-recueil2018-donnee2017-lexique.csv", "rows": 12}, "hypothesisId": "H-sat", "runId": "post-fix"}
{"sessionId": "bddb4f", "timestamp": 1780920378675, "location": "extract_satisfaction.py:read", "message": "file read ok", "data": {"file": "Satisfaction_2019_lexique-iqss-open-data-2019.csv", "rows": 49}, "hypothesisId": "H-sat", "runId": "post-fix"}
{"sessionId": "bddb4f", "timestamp": 1780920378726, "location": "extract_satisfaction.py:read", "message": "file read ok", "data": {"file": "Satisfaction_2019_lexique-esatis48h-mco-open-data-2019.csv", "rows": 25}, "hypothesisId": "H-sat", "runId": "post-fix"}
{"sessionId": "bddb4f", "timestamp": 1780920378774, "location": "extract_satisfaction.py:read", "message": "file read ok", "data": {"file": "Satisfaction_2019_lexique-esatisca-mco-open-data-2019.csv", "rows": 23}, "hypothesisId": "H-sat", "runId": "post-fix"}
{"sessionId": "bddb4f", "timestamp": 1780920378817, "location": "extract_satisfaction.py:read", "message": "file read ok", "data": {"file": "Satisfaction_2019_lexique-iqss-open-data-2019.csv", "rows": 49}, "hypothesisId": "H-sat", "runId": "post-fix"}
{"sessionId": "bddb4f", "timestamp": 1780920378849, "location": "extract_satisfaction.py:read", "message": "file read ok", "data": {"file": "Satisfaction_2019_resultats-esatis48h-mco-open-data-2019.csv", "rows": 1152}, "hypothesisId": "H-sat", "runId": "post-fix"}
{"sessionId": "bddb4f", "timestamp": 1780920378933, "location": "extract_satisfaction.py:read", "message": "file read ok", "data": {"file": "Satisfaction_2019_resultats-esatis48h-mco-open-data-2019.csv", "rows": 1152}, "hypothesisId": "H-sat", "runId": "post-fix"}
{"sessionId": "bddb4f", "timestamp": 1780920379334, "location": "extract_satisfaction.py:read", "message": "file read ok", "data": {"file": "Satisfaction_2019_resultats-esatisca-mco-open-data-2019.csv", "rows": 945}, "hypothesisId": "H-sat", "runId": "post-fix"}
{"sessionId": "bddb4f", "timestamp": 1780920379385, "location": "extract_satisfaction.py:read", "message": "file read ok", "data": {"file": "Satisfaction_2019_resultats-esatisca-mco-open-data-2019.csv", "rows": 945}, "hypothesisId": "H-sat", "runId": "post-fix"}
{"sessionId": "bddb4f", "timestamp": 1780920382506, "location": "extract_satisfaction.py:read", "message": "file read ok", "data": {"file": "Satisfaction_2019_resultats-iqss-open-data-2019.csv", "rows": 3392}, "hypothesisId": "H-sat", "runId": "post-fix"}
{"sessionId": "bddb4f", "timestamp": 1780920382567, "location": "extract_satisfaction.py:read", "message": "file read ok", "data": {"file": "Satisfaction_2019_resultats-iqss-open-data-2019.csv", "rows": 3392}, "hypothesisId": "H-sat", "runId": "post-fix"}
{"sessionId": "bddb4f", "timestamp": 1780920383239, "location": "extract_satisfaction.py:read", "message": "file read ok", "data": {"file": "Satisfaction_ESATIS48H_MCO_recueil2017_donnees.csv", "rows": 1157}, "hypothesisId": "H-sat", "runId": "post-fix"}
{"sessionId": "bddb4f", "timestamp": 1780920383288, "location": "extract_satisfaction.py:read", "message": "file read ok", "data": {"file": "Satisfaction_ESATIS48H_MCO_recueil2017_donnees.csv", "rows": 1157}, "hypothesisId": "H-sat", "runId": "post-fix"}
{"sessionId": "bddb4f", "timestamp": 1780920383549, "location": "extract_satisfaction.py:read", "message": "file read ok", "data": {"file": "Satisfaction_ESATIS48H_MCO_recueil2017_lexique.csv", "rows": 23}, "hypothesisId": "H-sat", "runId": "post-fix"}
{"sessionId": "bddb4f", "timestamp": 1780920383591, "location": "extract_satisfaction.py:read", "message": "file read ok", "data": {"file": "Satisfaction_ESATIS48H_MCO_recueil2017_lexique.csv", "rows": 23}, "hypothesisId": "H-sat", "runId": "post-fix"}
{"sessionId": "bddb4f", "timestamp": 1780920383690, "location": "extract_satisfaction.py:read", "message": "file read ok", "data": {"file": "Satisfaction_2014_DPA_SSR_recueil2014_donnee2013_table_es_raw.csv", "rows": 1405}, "hypothesisId": "H-sat", "runId": "post-fix"}
{"sessionId": "bddb4f", "timestamp": 1780920383691, "location": "extract_satisfaction.py:read", "message": "file read ok", "data": {"file": "Satisfaction_2014_DPA_SSR_recueil2014_donnee2013_table_es_raw.csv", "rows": 1405}, "hypothesisId": "H-sat", "runId": "post-fix"}
{"sessionId": "bddb4f", "timestamp": 1780920383825, "location": "extract_satisfaction.py:read", "message": "file read ok", "data": {"file": "Satisfaction_2014_DPA_SSR_recueil2014_donnee2013_table_lexique_raw.csv", "rows": 21}, "hypothesisId": "H-sat", "runId": "post-fix"}
{"sessionId": "bddb4f", "timestamp": 1780920383852, "location": "extract_satisfaction.py:read", "message": "file read ok", "data": {"file": "Satisfaction_2014_DPA_SSR_recueil2014_donnee2013_table_lexique_raw.csv", "rows": 21}, "hypothesisId": "H-sat", "runId": "post-fix"}
{"sessionId": "bddb4f", "timestamp": 1780920383873, "location": "extract_satisfaction.py:read", "message": "file read ok", "data": {"file": "Satisfaction_2014_DPA_SSR_recueil2014_donnee2013_table_participant_raw.csv", "rows": 1242}, "hypothesisId": "H-sat", "runId": "post-fix"}
{"sessionId": "bddb4f", "timestamp": 1780920383893, "location": "extract_satisfaction.py:read", "message": "file read ok", "data": {"file": "Satisfaction_2014_DPA_SSR_recueil2014_donnee2013_table_participant_raw.csv", "rows": 1242}, "hypothesisId": "H-sat", "runId": "post-fix"}
{"sessionId": "bddb4f", "timestamp": 1780920384147, "location": "extract_satisfaction.py:read", "message": "file read ok", "data": {"file": "Satisfaction_2014_RCP_MCO_recueil2014_donnee2013_table_es_raw.csv", "rows": 772}, "hypothesisId": "H-sat", "runId": "post-fix"}
{"sessionId": "bddb4f", "timestamp": 1780920384191, "location": "extract_satisfaction.py:read", "message": "file read ok", "data": {"file": "Satisfaction_2014_RCP_MCO_recueil2014_donnee2013_table_es_raw.csv", "rows": 772}, "hypothesisId": "H-sat", "runId": "post-fix"}
{"sessionId": "bddb4f", "timestamp": 1780920384411, "location": "extract_satisfaction.py:read", "message": "file read ok", "data": {"file": "Satisfaction_2014_RCP_MCO_recueil2014_donnee2013_table_lexique_raw.csv", "rows": 5}, "hypothesisId": "H-sat", "runId": "post-fix"}
{"sessionId": "bddb4f", "timestamp": 1780920384411, "location": "extract_satisfaction.py:read", "message": "file read ok", "data": {"file": "Satisfaction_2014_RCP_MCO_recueil2014_donnee2013_table_lexique_raw.csv", "rows": 5}, "hypothesisId": "H-sat", "runId": "post-fix"}
{"sessionId": "bddb4f", "timestamp": 1780920384545, "location": "extract_satisfaction.py:read", "message": "file read ok", "data": {"file": "Satisfaction_2014_RCP_MCO_recueil2014_donnee2013_table_participant_raw.csv", "rows": 776}, "hypothesisId": "H-sat", "runId": "post-fix"}
{"sessionId": "bddb4f", "timestamp": 1780920384552, "location": "extract_satisfaction.py:read", "message": "file read ok", "data": {"file": "Satisfaction_2014_RCP_MCO_recueil2014_donnee2013_table_participant_raw.csv", "rows": 776}, "hypothesisId": "H-sat", "runId": "post-fix"}
{"sessionId": "bddb4f", "timestamp": 1780920384787, "location": "extract_satisfaction.py:read", "message": "file read ok", "data": {"file": "Satisfaction_2015_hpp_mco_recueil2015_donnee2014_lexique_raw.csv", "rows": 18}, "hypothesisId": "H-sat", "runId": "post-fix"}
{"sessionId": "bddb4f", "timestamp": 1780920384789, "location": "extract_satisfaction.py:read", "message": "file read ok", "data": {"file": "Satisfaction_2015_hpp_mco_recueil2015_donnee2014_lexique_raw.csv", "rows": 18}, "hypothesisId": "H-sat", "runId": "post-fix"}
{"sessionId": "bddb4f", "timestamp": 1780920384844, "location": "extract_satisfaction.py:read", "message": "file read ok", "data": {"file": "Satisfaction_2015_hpp_mco_recueil2015_donnee2014_tables_es_raw.csv", "rows": 518}, "hypothesisId": "H-sat", "runId": "post-fix"}
{"sessionId": "bddb4f", "timestamp": 1780920384868, "location": "extract_satisfaction.py:read", "message": "file read ok", "data": {"file": "Satisfaction_2015_hpp_mco_recueil2015_donnee2014_tables_es_raw.csv", "rows": 518}, "hypothesisId": "H-sat", "runId": "post-fix"}
{"sessionId": "bddb4f", "timestamp": 1780920384976, "location": "extract_satisfaction.py:read", "message": "file read ok", "data": {"file": "Satisfaction_2015_idm_mco_recueil2015_donnee2014_tables_es_raw.csv", "rows": 366}, "hypothesisId": "H-sat", "runId": "post-fix"}
{"sessionId": "bddb4f", "timestamp": 1780920385038, "location": "extract_satisfaction.py:read", "message": "file read ok", "data": {"file": "Satisfaction_2015_idm_mco_recueil2015_donnee2014_tables_es_raw.csv", "rows": 366}, "hypothesisId": "H-sat", "runId": "post-fix"}
{"sessionId": "bddb4f", "timestamp": 1780920385193, "location": "extract_satisfaction.py:read", "message": "file read ok", "data": {"file": "Satisfaction_2016_dan_mco_recueil2016_donnee2015_donnees_raw.csv", "rows": 971}, "hypothesisId": "H-sat", "runId": "post-fix"}
{"sessionId": "bddb4f", "timestamp": 1780920385272, "location": "extract_satisfaction.py:read", "message": "file read ok", "data": {"file": "Satisfaction_2016_dan_mco_recueil2016_donnee2015_donnees_raw.csv", "rows": 971}, "hypothesisId": "H-sat", "runId": "post-fix"}
{"sessionId": "bddb4f", "timestamp": 1780920385397, "location": "extract_satisfaction.py:read", "message": "file read ok", "data": {"file": "Satisfaction_2016_dan_mco_recueil2016_donnee2015_lexique_raw.csv", "rows": 17}, "hypothesisId": "H-sat", "runId": "post-fix"}
{"sessionId": "bddb4f", "timestamp": 1780920385463, "location": "extract_satisfaction.py:read", "message": "file read ok", "data": {"file": "Satisfaction_2016_dan_mco_recueil2016_donnee2015_lexique_raw.csv", "rows": 17}, "hypothesisId": "H-sat", "runId": "post-fix"}
{"sessionId": "bddb4f", "timestamp": 1780920385546, "location": "extract_satisfaction.py:read", "message": "file read ok", "data": {"file": "Satisfaction_2016_dpa_had_recueil2016_donnee2015_donnees_raw.csv", "rows": 280}, "hypothesisId": "H-sat", "runId": "post-fix"}
{"sessionId": "bddb4f", "timestamp": 1780920385612, "location": "extract_satisfaction.py:read", "message": "file read ok", "data": {"file": "Satisfaction_2016_dpa_had_recueil2016_donnee2015_donnees_raw.csv", "rows": 280}, "hypothesisId": "H-sat", "runId": "post-fix"}
{"sessionId": "bddb4f", "timestamp": 1780920385698, "location": "extract_satisfaction.py:read", "message": "file read ok", "data": {"file": "Satisfaction_2016_dpa_had_recueil2016_donnee2015_lexique_raw.csv", "rows": 32}, "hypothesisId": "H-sat", "runId": "post-fix"}
{"sessionId": "bddb4f", "timestamp": 1780920385702, "location": "extract_satisfaction.py:read", "message": "file read ok", "data": {"file": "Satisfaction_2016_dpa_had_recueil2016_donnee2015_lexique_raw.csv", "rows": 32}, "hypothesisId": "H-sat", "runId": "post-fix"}
{"sessionId": "bddb4f", "timestamp": 1780920385903, "location": "extract_satisfaction.py:read", "message": "file read ok", "data": {"file": "Satisfaction_2017-2018_dpa-ssr-recueil2018-donnee2017-donnees_raw.csv", "rows": 1518}, "hypothesisId": "H-sat", "runId": "post-fix"}
{"sessionId": "bddb4f", "timestamp": 1780920385947, "location": "extract_satisfaction.py:read", "message": "file read ok", "data": {"file": "Satisfaction_2017-2018_dpa-ssr-recueil2018-donnee2017-donnees_raw.csv", "rows": 1518}, "hypothesisId": "H-sat", "runId": "post-fix"}
{"sessionId": "bddb4f", "timestamp": 1780920386119, "location": "extract_satisfaction.py:read", "message": "file read ok", "data": {"file": "Satisfaction_2017-2018_dpa-ssr-recueil2018-donnee2017-lexique_raw.csv", "rows": 19}, "hypothesisId": "H-sat", "runId": "post-fix"}
{"sessionId": "bddb4f", "timestamp": 1780920386191, "location": "extract_satisfaction.py:read", "message": "file read ok", "data": {"file": "Satisfaction_2017-2018_dpa-ssr-recueil2018-donnee2017-lexique_raw.csv", "rows": 19}, "hypothesisId": "H-sat", "runId": "post-fix"}
{"sessionId": "bddb4f", "timestamp": 1780920386245, "location": "extract_satisfaction.py:read", "message": "file read ok", "data": {"file": "Satisfaction_2017-2018_ete-ortho-ipaqss-2017-2018-donnees_raw.csv", "rows": 740}, "hypothesisId": "H-sat", "runId": "post-fix"}
{"sessionId": "bddb4f", "timestamp": 1780920386328, "location": "extract_satisfaction.py:read", "message": "file read ok", "data": {"file": "Satisfaction_2017-2018_ete-ortho-ipaqss-2017-2018-donnees_raw.csv", "rows": 740}, "hypothesisId": "H-sat", "runId": "post-fix"}
{"sessionId": "bddb4f", "timestamp": 1780920386448, "location": "extract_satisfaction.py:read", "message": "file read ok", "data": {"file": "Satisfaction_2017-2018_ete-ortho-ipaqss-2017-2018-lexique_raw.csv", "rows": 8}, "hypothesisId": "H-sat", "runId": "post-fix"}
{"sessionId": "bddb4f", "timestamp": 1780920386486, "location": "extract_satisfaction.py:read", "message": "file read ok", "data": {"file": "Satisfaction_2017-2018_ete-ortho-ipaqss-2017-2018-lexique_raw.csv", "rows": 8}, "hypothesisId": "H-sat", "runId": "post-fix"}
{"sessionId": "bddb4f", "timestamp": 1780920386521, "location": "extract_satisfaction.py:read", "message": "file read ok", "data": {"file": "Satisfaction_2017-2018_rcp-mco-recueil2018-donnee2017-donnees_raw.csv", "rows": 728}, "hypothesisId": "H-sat", "runId": "post-fix"}
{"sessionId": "bddb4f", "timestamp": 1780920386547, "location": "extract_satisfaction.py:read", "message": "file read ok", "data": {"file": "Satisfaction_2017-2018_rcp-mco-recueil2018-donnee2017-donnees_raw.csv", "rows": 728}, "hypothesisId": "H-sat", "runId": "post-fix"}
{"sessionId": "bddb4f", "timestamp": 1780920386684, "location": "extract_satisfaction.py:read", "message": "file read ok", "data": {"file": "Satisfaction_2017-2018_rcp-mco-recueil2018-donnee2017-lexique_raw.csv", "rows": 12}, "hypothesisId": "H-sat", "runId": "post-fix"}
{"sessionId": "bddb4f", "timestamp": 1780920386781, "location": "extract_satisfaction.py:read", "message": "file read ok", "data": {"file": "Satisfaction_2017-2018_rcp-mco-recueil2018-donnee2017-lexique_raw.csv", "rows": 12}, "hypothesisId": "H-sat", "runId": "post-fix"}
{"sessionId": "bddb4f", "timestamp": 1780920386875, "location": "extract_satisfaction.py:read", "message": "file read ok", "data": {"file": "Satisfaction_2019_lexique-esatis48h-mco-open-data-2019_raw.csv", "rows": 25}, "hypothesisId": "H-sat", "runId": "post-fix"}
{"sessionId": "bddb4f", "timestamp": 1780920386958, "location": "extract_satisfaction.py:read", "message": "file read ok", "data": {"file": "Satisfaction_2019_lexique-esatis48h-mco-open-data-2019_raw.csv", "rows": 25}, "hypothesisId": "H-sat", "runId": "post-fix"}
{"sessionId": "bddb4f", "timestamp": 1780920387125, "location": "extract_satisfaction.py:read", "message": "file read ok", "data": {"file": "Satisfaction_2019_lexique-esatisca-mco-open-data-2019_raw.csv", "rows": 23}, "hypothesisId": "H-sat", "runId": "post-fix"}
{"sessionId": "bddb4f", "timestamp": 1780920387180, "location": "extract_satisfaction.py:read", "message": "file read ok", "data": {"file": "Satisfaction_2019_lexique-esatisca-mco-open-data-2019_raw.csv", "rows": 23}, "hypothesisId": "H-sat", "runId": "post-fix"}
{"sessionId": "bddb4f", "timestamp": 1780920387272, "location": "extract_satisfaction.py:read", "message": "file read ok", "data": {"file": "Satisfaction_2019_lexique-iqss-open-data-2019_raw.csv", "rows": 49}, "hypothesisId": "H-sat", "runId": "post-fix"}
{"sessionId": "bddb4f", "timestamp": 1780920387273, "location": "extract_satisfaction.py:read", "message": "file read ok", "data": {"file": "Satisfaction_2019_lexique-iqss-open-data-2019_raw.csv", "rows": 49}, "hypothesisId": "H-sat", "runId": "post-fix"}
{"sessionId": "bddb4f", "timestamp": 1780920387554, "location": "extract_satisfaction.py:read", "message": "file read ok", "data": {"file": "Satisfaction_2019_resultats-esatis48h-mco-open-data-2019_raw.csv", "rows": 1152}, "hypothesisId": "H-sat", "runId": "post-fix"}
{"sessionId": "bddb4f", "timestamp": 1780920387556, "location": "extract_satisfaction.py:read", "message": "file read ok", "data": {"file": "Satisfaction_2019_resultats-esatis48h-mco-open-data-2019_raw.csv", "rows": 1152}, "hypothesisId": "H-sat", "runId": "post-fix"}
{"sessionId": "bddb4f", "timestamp": 1780920388113, "location": "extract_satisfaction.py:read", "message": "file read ok", "data": {"file": "Satisfaction_2019_resultats-esatisca-mco-open-data-2019_raw.csv", "rows": 945}, "hypothesisId": "H-sat", "runId": "post-fix"}
{"sessionId": "bddb4f", "timestamp": 1780920388115, "location": "extract_satisfaction.py:read", "message": "file read ok", "data": {"file": "Satisfaction_2019_resultats-esatisca-mco-open-data-2019_raw.csv", "rows": 945}, "hypothesisId": "H-sat", "runId": "post-fix"}
{"sessionId": "bddb4f", "timestamp": 1780920446609, "location": "extract_satisfaction.py:read", "message": "file read ok", "data": {"file": "Satisfaction_2019_resultats-iqss-open-data-2019_raw.csv", "rows": 3392}, "hypothesisId": "H-sat", "runId": "post-fix"}
{"sessionId": "bddb4f", "timestamp": 1780920446861, "location": "extract_satisfaction.py:read", "message": "file read ok", "data": {"file": "Satisfaction_2019_resultats-iqss-open-data-2019_raw.csv", "rows": 3392}, "hypothesisId": "H-sat", "runId": "post-fix"}
{"sessionId": "bddb4f", "timestamp": 1780920448453, "location": "extract_satisfaction.py:read", "message": "file read ok", "data": {"file": "Satisfaction_ESATIS48H_MCO_recueil2017_donnees_raw.csv", "rows": 1157}, "hypothesisId": "H-sat", "runId": "post-fix"}
{"sessionId": "bddb4f", "timestamp": 1780920448634, "location": "extract_satisfaction.py:read", "message": "file read ok", "data": {"file": "Satisfaction_ESATIS48H_MCO_recueil2017_donnees_raw.csv", "rows": 1157}, "hypothesisId": "H-sat", "runId": "post-fix"}
{"sessionId": "bddb4f", "timestamp": 1780920448953, "location": "extract_satisfaction.py:read", "message": "file read ok", "data": {"file": "Satisfaction_ESATIS48H_MCO_recueil2017_lexique_raw.csv", "rows": 23}, "hypothesisId": "H-sat", "runId": "post-fix"}
{"sessionId": "bddb4f", "timestamp": 1780920449048, "location": "extract_satisfaction.py:read", "message": "file read ok", "data": {"file": "Satisfaction_ESATIS48H_MCO_recueil2017_lexique_raw.csv", "rows": 23}, "hypothesisId": "H-sat", "runId": "post-fix"}
{"sessionId": "bddb4f", "timestamp": 1780920851915, "location": "extract_deces.py:load", "message": "chunked reader started", "data": {"cols": ["nom", "prenom", "sexe", "date_naissance", "code_lieu_naissance", "lieu_naissance", "pays_naissance", "date_deces", "code_lieu_deces", "numero_acte_deces"], "date_col": "date_deces", "code_lieu_col": "code_lieu_deces"}, "hypothesisId": "H-deces", "runId": "post-fix"}
{"sessionId": "bddb4f", "timestamp": 1780920970865, "location": "extract_deces.py:load", "message": "chunked reader started", "data": {"cols": ["nom", "prenom", "sexe", "date_naissance", "code_lieu_naissance", "lieu_naissance", "pays_naissance", "date_deces", "code_lieu_deces", "numero_acte_deces"], "date_col": "date_deces", "code_lieu_col": "code_lieu_deces"}, "hypothesisId": "H-deces", "runId": "post-fix"}
{"sessionId": "bddb4f", "timestamp": 1780921165193, "location": "extract_postgres.py:fallback", "message": "fallback to existing bronze CSV", "data": {"file": "/opt/airflow/data/bronze/consultations_raw.csv", "size": 58980315}, "hypothesisId": "H1", "runId": "post-fix"}
{"sessionId": "bddb4f", "timestamp": 1780921165298, "location": "extract_postgres.py:fallback", "message": "fallback to existing bronze CSV", "data": {"file": "/opt/airflow/data/bronze/consultations_raw.csv", "size": 58980315}, "hypothesisId": "H1", "runId": "post-fix"}
{"sessionId": "bddb4f", "timestamp": 1780921220733, "location": "extract_postgres.py:fallback", "message": "fallback to existing bronze CSV", "data": {"file": "/opt/airflow/data/bronze/consultations_raw.csv", "size": 58980315}, "hypothesisId": "H1", "runId": "post-fix"}
{"sessionId": "bddb4f", "timestamp": 1780921938603, "location": "extract_satisfaction.py:read", "message": "file read ok", "data": {"file": "Satisfaction_2014_DPA_SSR_recueil2014_donnee2013_table_es.csv", "rows": 1405}, "hypothesisId": "H-sat", "runId": "post-fix"}
{"sessionId": "bddb4f", "timestamp": 1780921938603, "location": "extract_satisfaction.py:read", "message": "file read ok", "data": {"file": "Satisfaction_2014_DPA_SSR_recueil2014_donnee2013_table_es.csv", "rows": 1405}, "hypothesisId": "H-sat", "runId": "post-fix"}
{"sessionId": "bddb4f", "timestamp": 1780921939010, "location": "extract_satisfaction.py:read", "message": "file read ok", "data": {"file": "Satisfaction_2014_DPA_SSR_recueil2014_donnee2013_table_lexique.csv", "rows": 21}, "hypothesisId": "H-sat", "runId": "post-fix"}
{"sessionId": "bddb4f", "timestamp": 1780921939011, "location": "extract_satisfaction.py:read", "message": "file read ok", "data": {"file": "Satisfaction_2014_DPA_SSR_recueil2014_donnee2013_table_lexique.csv", "rows": 21}, "hypothesisId": "H-sat", "runId": "post-fix"}
{"sessionId": "bddb4f", "timestamp": 1780921939154, "location": "extract_satisfaction.py:read", "message": "file read ok", "data": {"file": "Satisfaction_2014_DPA_SSR_recueil2014_donnee2013_table_participant.csv", "rows": 1242}, "hypothesisId": "H-sat", "runId": "post-fix"}
{"sessionId": "bddb4f", "timestamp": 1780921939154, "location": "extract_satisfaction.py:read", "message": "file read ok", "data": {"file": "Satisfaction_2014_DPA_SSR_recueil2014_donnee2013_table_participant.csv", "rows": 1242}, "hypothesisId": "H-sat", "runId": "post-fix"}
{"sessionId": "bddb4f", "timestamp": 1780921939410, "location": "extract_satisfaction.py:read", "message": "file read ok", "data": {"file": "Satisfaction_2014_RCP_MCO_recueil2014_donnee2013_table_es.csv", "rows": 772}, "hypothesisId": "H-sat", "runId": "post-fix"}
{"sessionId": "bddb4f", "timestamp": 1780921939457, "location": "extract_satisfaction.py:read", "message": "file read ok", "data": {"file": "Satisfaction_2014_RCP_MCO_recueil2014_donnee2013_table_es.csv", "rows": 772}, "hypothesisId": "H-sat", "runId": "post-fix"}
{"sessionId": "bddb4f", "timestamp": 1780921939575, "location": "extract_satisfaction.py:read", "message": "file read ok", "data": {"file": "Satisfaction_2014_RCP_MCO_recueil2014_donnee2013_table_lexique.csv", "rows": 5}, "hypothesisId": "H-sat", "runId": "post-fix"}
{"sessionId": "bddb4f", "timestamp": 1780921939635, "location": "extract_satisfaction.py:read", "message": "file read ok", "data": {"file": "Satisfaction_2014_RCP_MCO_recueil2014_donnee2013_table_lexique.csv", "rows": 5}, "hypothesisId": "H-sat", "runId": "post-fix"}
{"sessionId": "bddb4f", "timestamp": 1780921939635, "location": "extract_satisfaction.py:read", "message": "file read ok", "data": {"file": "Satisfaction_2014_RCP_MCO_recueil2014_donnee2013_table_participant.csv", "rows": 776}, "hypothesisId": "H-sat", "runId": "post-fix"}
{"sessionId": "bddb4f", "timestamp": 1780921939705, "location": "extract_satisfaction.py:read", "message": "file read ok", "data": {"file": "Satisfaction_2014_RCP_MCO_recueil2014_donnee2013_table_participant.csv", "rows": 776}, "hypothesisId": "H-sat", "runId": "post-fix"}
{"sessionId": "bddb4f", "timestamp": 1780921939787, "location": "extract_satisfaction.py:read", "message": "file read ok", "data": {"file": "Satisfaction_2015_hpp_mco_recueil2015_donnee2014_lexique.csv", "rows": 18}, "hypothesisId": "H-sat", "runId": "post-fix"}
{"sessionId": "bddb4f", "timestamp": 1780921939879, "location": "extract_satisfaction.py:read", "message": "file read ok", "data": {"file": "Satisfaction_2015_hpp_mco_recueil2015_donnee2014_lexique.csv", "rows": 18}, "hypothesisId": "H-sat", "runId": "post-fix"}
{"sessionId": "bddb4f", "timestamp": 1780921939934, "location": "extract_satisfaction.py:read", "message": "file read ok", "data": {"file": "Satisfaction_2015_hpp_mco_recueil2015_donnee2014_tables_es.csv", "rows": 518}, "hypothesisId": "H-sat", "runId": "post-fix"}
{"sessionId": "bddb4f", "timestamp": 1780921940007, "location": "extract_satisfaction.py:read", "message": "file read ok", "data": {"file": "Satisfaction_2015_hpp_mco_recueil2015_donnee2014_tables_es.csv", "rows": 518}, "hypothesisId": "H-sat", "runId": "post-fix"}
{"sessionId": "bddb4f", "timestamp": 1780921940084, "location": "extract_satisfaction.py:read", "message": "file read ok", "data": {"file": "Satisfaction_2015_idm_mco_recueil2015_donnee2014_tables_es.csv", "rows": 366}, "hypothesisId": "H-sat", "runId": "post-fix"}
{"sessionId": "bddb4f", "timestamp": 1780921940143, "location": "extract_satisfaction.py:read", "message": "file read ok", "data": {"file": "Satisfaction_2015_idm_mco_recueil2015_donnee2014_tables_es.csv", "rows": 366}, "hypothesisId": "H-sat", "runId": "post-fix"}
{"sessionId": "bddb4f", "timestamp": 1780921940280, "location": "extract_satisfaction.py:read", "message": "file read ok", "data": {"file": "Satisfaction_2016_dan_mco_recueil2016_donnee2015_donnees.csv", "rows": 971}, "hypothesisId": "H-sat", "runId": "post-fix"}
{"sessionId": "bddb4f", "timestamp": 1780921940327, "location": "extract_satisfaction.py:read", "message": "file read ok", "data": {"file": "Satisfaction_2016_dan_mco_recueil2016_donnee2015_donnees.csv", "rows": 971}, "hypothesisId": "H-sat", "runId": "post-fix"}
{"sessionId": "bddb4f", "timestamp": 1780921940516, "location": "extract_satisfaction.py:read", "message": "file read ok", "data": {"file": "Satisfaction_2016_dan_mco_recueil2016_donnee2015_lexique.csv", "rows": 17}, "hypothesisId": "H-sat", "runId": "post-fix"}
{"sessionId": "bddb4f", "timestamp": 1780921940565, "location": "extract_satisfaction.py:read", "message": "file read ok", "data": {"file": "Satisfaction_2016_dan_mco_recueil2016_donnee2015_lexique.csv", "rows": 17}, "hypothesisId": "H-sat", "runId": "post-fix"}
{"sessionId": "bddb4f", "timestamp": 1780921940609, "location": "extract_satisfaction.py:read", "message": "file read ok", "data": {"file": "Satisfaction_2016_dpa_had_recueil2016_donnee2015_donnees.csv", "rows": 280}, "hypothesisId": "H-sat", "runId": "post-fix"}
{"sessionId": "bddb4f", "timestamp": 1780921940677, "location": "extract_satisfaction.py:read", "message": "file read ok", "data": {"file": "Satisfaction_2016_dpa_had_recueil2016_donnee2015_donnees.csv", "rows": 280}, "hypothesisId": "H-sat", "runId": "post-fix"}
{"sessionId": "bddb4f", "timestamp": 1780921940715, "location": "extract_satisfaction.py:read", "message": "file read ok", "data": {"file": "Satisfaction_2016_dpa_had_recueil2016_donnee2015_lexique.csv", "rows": 32}, "hypothesisId": "H-sat", "runId": "post-fix"}
{"sessionId": "bddb4f", "timestamp": 1780921940757, "location": "extract_satisfaction.py:read", "message": "file read ok", "data": {"file": "Satisfaction_2016_dpa_had_recueil2016_donnee2015_lexique.csv", "rows": 32}, "hypothesisId": "H-sat", "runId": "post-fix"}
{"sessionId": "bddb4f", "timestamp": 1780921940941, "location": "extract_satisfaction.py:read", "message": "file read ok", "data": {"file": "Satisfaction_2017-2018_dpa-ssr-recueil2018-donnee2017-donnees.csv", "rows": 1518}, "hypothesisId": "H-sat", "runId": "post-fix"}
{"sessionId": "bddb4f", "timestamp": 1780921941002, "location": "extract_satisfaction.py:read", "message": "file read ok", "data": {"file": "Satisfaction_2017-2018_dpa-ssr-recueil2018-donnee2017-donnees.csv", "rows": 1518}, "hypothesisId": "H-sat", "runId": "post-fix"}
{"sessionId": "bddb4f", "timestamp": 1780921941229, "location": "extract_satisfaction.py:read", "message": "file read ok", "data": {"file": "Satisfaction_2017-2018_dpa-ssr-recueil2018-donnee2017-lexique.csv", "rows": 19}, "hypothesisId": "H-sat", "runId": "post-fix"}
{"sessionId": "bddb4f", "timestamp": 1780921941310, "location": "extract_satisfaction.py:read", "message": "file read ok", "data": {"file": "Satisfaction_2017-2018_dpa-ssr-recueil2018-donnee2017-lexique.csv", "rows": 19}, "hypothesisId": "H-sat", "runId": "post-fix"}
{"sessionId": "bddb4f", "timestamp": 1780921941356, "location": "extract_satisfaction.py:read", "message": "file read ok", "data": {"file": "Satisfaction_2017-2018_ete-ortho-ipaqss-2017-2018-donnees.csv", "rows": 740}, "hypothesisId": "H-sat", "runId": "post-fix"}
{"sessionId": "bddb4f", "timestamp": 1780921941424, "location": "extract_satisfaction.py:read", "message": "file read ok", "data": {"file": "Satisfaction_2017-2018_ete-ortho-ipaqss-2017-2018-donnees.csv", "rows": 740}, "hypothesisId": "H-sat", "runId": "post-fix"}
{"sessionId": "bddb4f", "timestamp": 1780921941544, "location": "extract_satisfaction.py:read", "message": "file read ok", "data": {"file": "Satisfaction_2017-2018_ete-ortho-ipaqss-2017-2018-lexique.csv", "rows": 8}, "hypothesisId": "H-sat", "runId": "post-fix"}
{"sessionId": "bddb4f", "timestamp": 1780921941604, "location": "extract_satisfaction.py:read", "message": "file read ok", "data": {"file": "Satisfaction_2017-2018_ete-ortho-ipaqss-2017-2018-lexique.csv", "rows": 8}, "hypothesisId": "H-sat", "runId": "post-fix"}
{"sessionId": "bddb4f", "timestamp": 1780921941660, "location": "extract_satisfaction.py:read", "message": "file read ok", "data": {"file": "Satisfaction_2017-2018_rcp-mco-recueil2018-donnee2017-donnees.csv", "rows": 728}, "hypothesisId": "H-sat", "runId": "post-fix"}
{"sessionId": "bddb4f", "timestamp": 1780921941766, "location": "extract_satisfaction.py:read", "message": "file read ok", "data": {"file": "Satisfaction_2017-2018_rcp-mco-recueil2018-donnee2017-donnees.csv", "rows": 728}, "hypothesisId": "H-sat", "runId": "post-fix"}
{"sessionId": "bddb4f", "timestamp": 1780921942077, "location": "extract_satisfaction.py:read", "message": "file read ok", "data": {"file": "Satisfaction_2017-2018_rcp-mco-recueil2018-donnee2017-lexique.csv", "rows": 12}, "hypothesisId": "H-sat", "runId": "post-fix"}
{"sessionId": "bddb4f", "timestamp": 1780921942080, "location": "extract_satisfaction.py:read", "message": "file read ok", "data": {"file": "Satisfaction_2017-2018_rcp-mco-recueil2018-donnee2017-lexique.csv", "rows": 12}, "hypothesisId": "H-sat", "runId": "post-fix"}
{"sessionId": "bddb4f", "timestamp": 1780921942320, "location": "extract_satisfaction.py:read", "message": "file read ok", "data": {"file": "Satisfaction_2019_lexique-esatis48h-mco-open-data-2019.csv", "rows": 25}, "hypothesisId": "H-sat", "runId": "post-fix"}
{"sessionId": "bddb4f", "timestamp": 1780921942320, "location": "extract_satisfaction.py:read", "message": "file read ok", "data": {"file": "Satisfaction_2019_lexique-esatis48h-mco-open-data-2019.csv", "rows": 25}, "hypothesisId": "H-sat", "runId": "post-fix"}
{"sessionId": "bddb4f", "timestamp": 1780921942528, "location": "extract_satisfaction.py:read", "message": "file read ok", "data": {"file": "Satisfaction_2019_lexique-esatisca-mco-open-data-2019.csv", "rows": 23}, "hypothesisId": "H-sat", "runId": "post-fix"}
{"sessionId": "bddb4f", "timestamp": 1780921942691, "location": "extract_satisfaction.py:read", "message": "file read ok", "data": {"file": "Satisfaction_2019_lexique-esatisca-mco-open-data-2019.csv", "rows": 23}, "hypothesisId": "H-sat", "runId": "post-fix"}
{"sessionId": "bddb4f", "timestamp": 1780921942931, "location": "extract_satisfaction.py:read", "message": "file read ok", "data": {"file": "Satisfaction_2019_lexique-iqss-open-data-2019.csv", "rows": 49}, "hypothesisId": "H-sat", "runId": "post-fix"}
{"sessionId": "bddb4f", "timestamp": 1780921943083, "location": "extract_satisfaction.py:read", "message": "file read ok", "data": {"file": "Satisfaction_2019_lexique-iqss-open-data-2019.csv", "rows": 49}, "hypothesisId": "H-sat", "runId": "post-fix"}
{"sessionId": "bddb4f", "timestamp": 1780921943710, "location": "extract_satisfaction.py:read", "message": "file read ok", "data": {"file": "Satisfaction_2019_resultats-esatis48h-mco-open-data-2019.csv", "rows": 1152}, "hypothesisId": "H-sat", "runId": "post-fix"}
{"sessionId": "bddb4f", "timestamp": 1780921943710, "location": "extract_satisfaction.py:read", "message": "file read ok", "data": {"file": "Satisfaction_2019_resultats-esatis48h-mco-open-data-2019.csv", "rows": 1152}, "hypothesisId": "H-sat", "runId": "post-fix"}
{"sessionId": "bddb4f", "timestamp": 1780921944187, "location": "extract_satisfaction.py:read", "message": "file read ok", "data": {"file": "Satisfaction_2019_resultats-esatisca-mco-open-data-2019.csv", "rows": 945}, "hypothesisId": "H-sat", "runId": "post-fix"}
{"sessionId": "bddb4f", "timestamp": 1780921944234, "location": "extract_satisfaction.py:read", "message": "file read ok", "data": {"file": "Satisfaction_2019_resultats-esatisca-mco-open-data-2019.csv", "rows": 945}, "hypothesisId": "H-sat", "runId": "post-fix"}
{"sessionId": "bddb4f", "timestamp": 1780921947500, "location": "extract_satisfaction.py:read", "message": "file read ok", "data": {"file": "Satisfaction_2019_resultats-iqss-open-data-2019.csv", "rows": 3392}, "hypothesisId": "H-sat", "runId": "post-fix"}
{"sessionId": "bddb4f", "timestamp": 1780921947502, "location": "extract_satisfaction.py:read", "message": "file read ok", "data": {"file": "Satisfaction_2019_resultats-iqss-open-data-2019.csv", "rows": 3392}, "hypothesisId": "H-sat", "runId": "post-fix"}
{"sessionId": "bddb4f", "timestamp": 1780921948416, "location": "extract_satisfaction.py:read", "message": "file read ok", "data": {"file": "Satisfaction_ESATIS48H_MCO_recueil2017_donnees.csv", "rows": 1157}, "hypothesisId": "H-sat", "runId": "post-fix"}
{"sessionId": "bddb4f", "timestamp": 1780921948476, "location": "extract_satisfaction.py:read", "message": "file read ok", "data": {"file": "Satisfaction_ESATIS48H_MCO_recueil2017_donnees.csv", "rows": 1157}, "hypothesisId": "H-sat", "runId": "post-fix"}
{"sessionId": "bddb4f", "timestamp": 1780921948640, "location": "extract_satisfaction.py:read", "message": "file read ok", "data": {"file": "Satisfaction_ESATIS48H_MCO_recueil2017_lexique.csv", "rows": 23}, "hypothesisId": "H-sat", "runId": "post-fix"}
{"sessionId": "bddb4f", "timestamp": 1780921948727, "location": "extract_satisfaction.py:read", "message": "file read ok", "data": {"file": "Satisfaction_ESATIS48H_MCO_recueil2017_lexique.csv", "rows": 23}, "hypothesisId": "H-sat", "runId": "post-fix"}
{"sessionId": "bddb4f", "timestamp": 1780921948782, "location": "extract_satisfaction.py:read", "message": "file read ok", "data": {"file": "satisfaction_raw.csv", "rows": 2538}, "hypothesisId": "H-sat", "runId": "post-fix"}
{"sessionId": "bddb4f", "timestamp": 1780921948861, "location": "extract_satisfaction.py:read", "message": "file read ok", "data": {"file": "satisfaction_raw.csv", "rows": 2538}, "hypothesisId": "H-sat", "runId": "post-fix"}
{"sessionId": "bddb4f", "timestamp": 1780921949317, "location": "extract_satisfaction.py:read", "message": "file read ok", "data": {"file": "Satisfaction_2014_DPA_SSR_recueil2014_donnee2013_table_es_raw.csv", "rows": 1405}, "hypothesisId": "H-sat", "runId": "post-fix"}
{"sessionId": "bddb4f", "timestamp": 1780921949486, "location": "extract_satisfaction.py:read", "message": "file read ok", "data": {"file": "Satisfaction_2014_DPA_SSR_recueil2014_donnee2013_table_es_raw.csv", "rows": 1405}, "hypothesisId": "H-sat", "runId": "post-fix"}
{"sessionId": "bddb4f", "timestamp": 1780921949661, "location": "extract_satisfaction.py:read", "message": "file read ok", "data": {"file": "Satisfaction_2014_DPA_SSR_recueil2014_donnee2013_table_lexique_raw.csv", "rows": 21}, "hypothesisId": "H-sat", "runId": "post-fix"}
{"sessionId": "bddb4f", "timestamp": 1780921949747, "location": "extract_satisfaction.py:read", "message": "file read ok", "data": {"file": "Satisfaction_2014_DPA_SSR_recueil2014_donnee2013_table_participant_raw.csv", "rows": 1242}, "hypothesisId": "H-sat", "runId": "post-fix"}
{"sessionId": "bddb4f", "timestamp": 1780921949784, "location": "extract_satisfaction.py:read", "message": "file read ok", "data": {"file": "Satisfaction_2014_DPA_SSR_recueil2014_donnee2013_table_lexique_raw.csv", "rows": 21}, "hypothesisId": "H-sat", "runId": "post-fix"}
{"sessionId": "bddb4f", "timestamp": 1780921949851, "location": "extract_satisfaction.py:read", "message": "file read ok", "data": {"file": "Satisfaction_2014_DPA_SSR_recueil2014_donnee2013_table_participant_raw.csv", "rows": 1242}, "hypothesisId": "H-sat", "runId": "post-fix"}
{"sessionId": "bddb4f", "timestamp": 1780921949987, "location": "extract_satisfaction.py:read", "message": "file read ok", "data": {"file": "Satisfaction_2014_RCP_MCO_recueil2014_donnee2013_table_es_raw.csv", "rows": 772}, "hypothesisId": "H-sat", "runId": "post-fix"}
{"sessionId": "bddb4f", "timestamp": 1780921950151, "location": "extract_satisfaction.py:read", "message": "file read ok", "data": {"file": "Satisfaction_2014_RCP_MCO_recueil2014_donnee2013_table_es_raw.csv", "rows": 772}, "hypothesisId": "H-sat", "runId": "post-fix"}
{"sessionId": "bddb4f", "timestamp": 1780921950215, "location": "extract_satisfaction.py:read", "message": "file read ok", "data": {"file": "Satisfaction_2014_RCP_MCO_recueil2014_donnee2013_table_lexique_raw.csv", "rows": 5}, "hypothesisId": "H-sat", "runId": "post-fix"}
{"sessionId": "bddb4f", "timestamp": 1780921950315, "location": "extract_satisfaction.py:read", "message": "file read ok", "data": {"file": "Satisfaction_2014_RCP_MCO_recueil2014_donnee2013_table_participant_raw.csv", "rows": 776}, "hypothesisId": "H-sat", "runId": "post-fix"}
{"sessionId": "bddb4f", "timestamp": 1780921950372, "location": "extract_satisfaction.py:read", "message": "file read ok", "data": {"file": "Satisfaction_2014_RCP_MCO_recueil2014_donnee2013_table_lexique_raw.csv", "rows": 5}, "hypothesisId": "H-sat", "runId": "post-fix"}
{"sessionId": "bddb4f", "timestamp": 1780921950427, "location": "extract_satisfaction.py:read", "message": "file read ok", "data": {"file": "Satisfaction_2014_RCP_MCO_recueil2014_donnee2013_table_participant_raw.csv", "rows": 776}, "hypothesisId": "H-sat", "runId": "post-fix"}
{"sessionId": "bddb4f", "timestamp": 1780921950470, "location": "extract_satisfaction.py:read", "message": "file read ok", "data": {"file": "Satisfaction_2015_hpp_mco_recueil2015_donnee2014_lexique_raw.csv", "rows": 18}, "hypothesisId": "H-sat", "runId": "post-fix"}
{"sessionId": "bddb4f", "timestamp": 1780921950535, "location": "extract_satisfaction.py:read", "message": "file read ok", "data": {"file": "Satisfaction_2015_hpp_mco_recueil2015_donnee2014_tables_es_raw.csv", "rows": 518}, "hypothesisId": "H-sat", "runId": "post-fix"}
{"sessionId": "bddb4f", "timestamp": 1780921950582, "location": "extract_satisfaction.py:read", "message": "file read ok", "data": {"file": "Satisfaction_2015_hpp_mco_recueil2015_donnee2014_lexique_raw.csv", "rows": 18}, "hypothesisId": "H-sat", "runId": "post-fix"}
{"sessionId": "bddb4f", "timestamp": 1780921950650, "location": "extract_satisfaction.py:read", "message": "file read ok", "data": {"file": "Satisfaction_2015_hpp_mco_recueil2015_donnee2014_tables_es_raw.csv", "rows": 518}, "hypothesisId": "H-sat", "runId": "post-fix"}
{"sessionId": "bddb4f", "timestamp": 1780921950651, "location": "extract_satisfaction.py:read", "message": "file read ok", "data": {"file": "Satisfaction_2015_idm_mco_recueil2015_donnee2014_tables_es_raw.csv", "rows": 366}, "hypothesisId": "H-sat", "runId": "post-fix"}
{"sessionId": "bddb4f", "timestamp": 1780921950748, "location": "extract_satisfaction.py:read", "message": "file read ok", "data": {"file": "Satisfaction_2015_idm_mco_recueil2015_donnee2014_tables_es_raw.csv", "rows": 366}, "hypothesisId": "H-sat", "runId": "post-fix"}
{"sessionId": "bddb4f", "timestamp": 1780921950803, "location": "extract_satisfaction.py:read", "message": "file read ok", "data": {"file": "Satisfaction_2016_dan_mco_recueil2016_donnee2015_donnees_raw.csv", "rows": 971}, "hypothesisId": "H-sat", "runId": "post-fix"}
{"sessionId": "bddb4f", "timestamp": 1780921950919, "location": "extract_satisfaction.py:read", "message": "file read ok", "data": {"file": "Satisfaction_2016_dan_mco_recueil2016_donnee2015_donnees_raw.csv", "rows": 971}, "hypothesisId": "H-sat", "runId": "post-fix"}
{"sessionId": "bddb4f", "timestamp": 1780921951026, "location": "extract_satisfaction.py:read", "message": "file read ok", "data": {"file": "Satisfaction_2016_dan_mco_recueil2016_donnee2015_lexique_raw.csv", "rows": 17}, "hypothesisId": "H-sat", "runId": "post-fix"}
{"sessionId": "bddb4f", "timestamp": 1780921951131, "location": "extract_satisfaction.py:read", "message": "file read ok", "data": {"file": "Satisfaction_2016_dpa_had_recueil2016_donnee2015_donnees_raw.csv", "rows": 280}, "hypothesisId": "H-sat", "runId": "post-fix"}
{"sessionId": "bddb4f", "timestamp": 1780921951163, "location": "extract_satisfaction.py:read", "message": "file read ok", "data": {"file": "Satisfaction_2016_dan_mco_recueil2016_donnee2015_lexique_raw.csv", "rows": 17}, "hypothesisId": "H-sat", "runId": "post-fix"}
{"sessionId": "bddb4f", "timestamp": 1780921951207, "location": "extract_satisfaction.py:read", "message": "file read ok", "data": {"file": "Satisfaction_2016_dpa_had_recueil2016_donnee2015_lexique_raw.csv", "rows": 32}, "hypothesisId": "H-sat", "runId": "post-fix"}
{"sessionId": "bddb4f", "timestamp": 1780921951245, "location": "extract_satisfaction.py:read", "message": "file read ok", "data": {"file": "Satisfaction_2016_dpa_had_recueil2016_donnee2015_donnees_raw.csv", "rows": 280}, "hypothesisId": "H-sat", "runId": "post-fix"}
{"sessionId": "bddb4f", "timestamp": 1780921951334, "location": "extract_satisfaction.py:read", "message": "file read ok", "data": {"file": "Satisfaction_2016_dpa_had_recueil2016_donnee2015_lexique_raw.csv", "rows": 32}, "hypothesisId": "H-sat", "runId": "post-fix"}
{"sessionId": "bddb4f", "timestamp": 1780921951406, "location": "extract_satisfaction.py:read", "message": "file read ok", "data": {"file": "Satisfaction_2017-2018_dpa-ssr-recueil2018-donnee2017-donnees_raw.csv", "rows": 1518}, "hypothesisId": "H-sat", "runId": "post-fix"}
{"sessionId": "bddb4f", "timestamp": 1780921951456, "location": "extract_satisfaction.py:read", "message": "file read ok", "data": {"file": "Satisfaction_2017-2018_dpa-ssr-recueil2018-donnee2017-donnees_raw.csv", "rows": 1518}, "hypothesisId": "H-sat", "runId": "post-fix"}
{"sessionId": "bddb4f", "timestamp": 1780921951661, "location": "extract_satisfaction.py:read", "message": "file read ok", "data": {"file": "Satisfaction_2017-2018_dpa-ssr-recueil2018-donnee2017-lexique_raw.csv", "rows": 19}, "hypothesisId": "H-sat", "runId": "post-fix"}
{"sessionId": "bddb4f", "timestamp": 1780921951799, "location": "extract_satisfaction.py:read", "message": "file read ok", "data": {"file": "Satisfaction_2017-2018_dpa-ssr-recueil2018-donnee2017-lexique_raw.csv", "rows": 19}, "hypothesisId": "H-sat", "runId": "post-fix"}
{"sessionId": "bddb4f", "timestamp": 1780921951865, "location": "extract_satisfaction.py:read", "message": "file read ok", "data": {"file": "Satisfaction_2017-2018_ete-ortho-ipaqss-2017-2018-donnees_raw.csv", "rows": 740}, "hypothesisId": "H-sat", "runId": "post-fix"}
{"sessionId": "bddb4f", "timestamp": 1780921951915, "location": "extract_satisfaction.py:read", "message": "file read ok", "data": {"file": "Satisfaction_2017-2018_ete-ortho-ipaqss-2017-2018-donnees_raw.csv", "rows": 740}, "hypothesisId": "H-sat", "runId": "post-fix"}
{"sessionId": "bddb4f", "timestamp": 1780921952014, "location": "extract_satisfaction.py:read", "message": "file read ok", "data": {"file": "Satisfaction_2017-2018_ete-ortho-ipaqss-2017-2018-lexique_raw.csv", "rows": 8}, "hypothesisId": "H-sat", "runId": "post-fix"}
{"sessionId": "bddb4f", "timestamp": 1780921952103, "location": "extract_satisfaction.py:read", "message": "file read ok", "data": {"file": "Satisfaction_2017-2018_ete-ortho-ipaqss-2017-2018-lexique_raw.csv", "rows": 8}, "hypothesisId": "H-sat", "runId": "post-fix"}
{"sessionId": "bddb4f", "timestamp": 1780921952103, "location": "extract_satisfaction.py:read", "message": "file read ok", "data": {"file": "Satisfaction_2017-2018_rcp-mco-recueil2018-donnee2017-donnees_raw.csv", "rows": 728}, "hypothesisId": "H-sat", "runId": "post-fix"}
{"sessionId": "bddb4f", "timestamp": 1780921952155, "location": "extract_deces.py:load", "message": "chunked reader started", "data": {"cols": ["nom", "prenom", "sexe", "date_naissance", "code_lieu_naissance", "lieu_naissance", "pays_naissance", "date_deces", "code_lieu_deces", "numero_acte_deces"], "date_col": "date_deces", "code_lieu_col": "code_lieu_deces"}, "hypothesisId": "H-deces", "runId": "post-fix"}
{"sessionId": "bddb4f", "timestamp": 1780921952213, "location": "extract_satisfaction.py:read", "message": "file read ok", "data": {"file": "Satisfaction_2017-2018_rcp-mco-recueil2018-donnee2017-donnees_raw.csv", "rows": 728}, "hypothesisId": "H-sat", "runId": "post-fix"}
{"sessionId": "bddb4f", "timestamp": 1780921952255, "location": "extract_satisfaction.py:read", "message": "file read ok", "data": {"file": "Satisfaction_2017-2018_rcp-mco-recueil2018-donnee2017-lexique_raw.csv", "rows": 12}, "hypothesisId": "H-sat", "runId": "post-fix"}
{"sessionId": "bddb4f", "timestamp": 1780921952312, "location": "extract_satisfaction.py:read", "message": "file read ok", "data": {"file": "Satisfaction_2019_lexique-esatis48h-mco-open-data-2019_raw.csv", "rows": 25}, "hypothesisId": "H-sat", "runId": "post-fix"}
{"sessionId": "bddb4f", "timestamp": 1780921952355, "location": "extract_satisfaction.py:read", "message": "file read ok", "data": {"file": "Satisfaction_2017-2018_rcp-mco-recueil2018-donnee2017-lexique_raw.csv", "rows": 12}, "hypothesisId": "H-sat", "runId": "post-fix"}
{"sessionId": "bddb4f", "timestamp": 1780921952404, "location": "extract_satisfaction.py:read", "message": "file read ok", "data": {"file": "Satisfaction_2019_lexique-esatisca-mco-open-data-2019_raw.csv", "rows": 23}, "hypothesisId": "H-sat", "runId": "post-fix"}
{"sessionId": "bddb4f", "timestamp": 1780921952404, "location": "extract_satisfaction.py:read", "message": "file read ok", "data": {"file": "Satisfaction_2019_lexique-esatis48h-mco-open-data-2019_raw.csv", "rows": 25}, "hypothesisId": "H-sat", "runId": "post-fix"}
{"sessionId": "bddb4f", "timestamp": 1780921952452, "location": "extract_satisfaction.py:read", "message": "file read ok", "data": {"file": "Satisfaction_2019_lexique-esatisca-mco-open-data-2019_raw.csv", "rows": 23}, "hypothesisId": "H-sat", "runId": "post-fix"}
{"sessionId": "bddb4f", "timestamp": 1780921952452, "location": "extract_satisfaction.py:read", "message": "file read ok", "data": {"file": "Satisfaction_2019_lexique-iqss-open-data-2019_raw.csv", "rows": 49}, "hypothesisId": "H-sat", "runId": "post-fix"}
{"sessionId": "bddb4f", "timestamp": 1780921952522, "location": "extract_satisfaction.py:read", "message": "file read ok", "data": {"file": "Satisfaction_2019_lexique-iqss-open-data-2019_raw.csv", "rows": 49}, "hypothesisId": "H-sat", "runId": "post-fix"}
{"sessionId": "bddb4f", "timestamp": 1780921952611, "location": "extract_deces.py:load", "message": "chunked reader started", "data": {"cols": ["nom", "prenom", "sexe", "date_naissance", "code_lieu_naissance", "lieu_naissance", "pays_naissance", "date_deces", "code_lieu_deces", "numero_acte_deces"], "date_col": "date_deces", "code_lieu_col": "code_lieu_deces"}, "hypothesisId": "H-deces", "runId": "post-fix"}
{"sessionId": "bddb4f", "timestamp": 1780921952713, "location": "extract_satisfaction.py:read", "message": "file read ok", "data": {"file": "Satisfaction_2019_resultats-esatis48h-mco-open-data-2019_raw.csv", "rows": 1152}, "hypothesisId": "H-sat", "runId": "post-fix"}
{"sessionId": "bddb4f", "timestamp": 1780921952763, "location": "extract_satisfaction.py:read", "message": "file read ok", "data": {"file": "Satisfaction_2019_resultats-esatis48h-mco-open-data-2019_raw.csv", "rows": 1152}, "hypothesisId": "H-sat", "runId": "post-fix"}
{"sessionId": "bddb4f", "timestamp": 1780921953149, "location": "extract_satisfaction.py:read", "message": "file read ok", "data": {"file": "Satisfaction_2019_resultats-esatisca-mco-open-data-2019_raw.csv", "rows": 945}, "hypothesisId": "H-sat", "runId": "post-fix"}
{"sessionId": "bddb4f", "timestamp": 1780921953202, "location": "extract_satisfaction.py:read", "message": "file read ok", "data": {"file": "Satisfaction_2019_resultats-esatisca-mco-open-data-2019_raw.csv", "rows": 945}, "hypothesisId": "H-sat", "runId": "post-fix"}
{"sessionId": "bddb4f", "timestamp": 1780921955535, "location": "extract_satisfaction.py:read", "message": "file read ok", "data": {"file": "Satisfaction_2019_resultats-iqss-open-data-2019_raw.csv", "rows": 3392}, "hypothesisId": "H-sat", "runId": "post-fix"}
{"sessionId": "bddb4f", "timestamp": 1780921955538, "location": "extract_satisfaction.py:read", "message": "file read ok", "data": {"file": "Satisfaction_2019_resultats-iqss-open-data-2019_raw.csv", "rows": 3392}, "hypothesisId": "H-sat", "runId": "post-fix"}
{"sessionId": "bddb4f", "timestamp": 1780921956540, "location": "extract_satisfaction.py:read", "message": "file read ok", "data": {"file": "Satisfaction_ESATIS48H_MCO_recueil2017_donnees_raw.csv", "rows": 1157}, "hypothesisId": "H-sat", "runId": "post-fix"}
{"sessionId": "bddb4f", "timestamp": 1780921956541, "location": "extract_satisfaction.py:read", "message": "file read ok", "data": {"file": "Satisfaction_ESATIS48H_MCO_recueil2017_donnees_raw.csv", "rows": 1157}, "hypothesisId": "H-sat", "runId": "post-fix"}
{"sessionId": "bddb4f", "timestamp": 1780921956999, "location": "extract_satisfaction.py:read", "message": "file read ok", "data": {"file": "Satisfaction_ESATIS48H_MCO_recueil2017_lexique_raw.csv", "rows": 23}, "hypothesisId": "H-sat", "runId": "post-fix"}
{"sessionId": "bddb4f", "timestamp": 1780921956999, "location": "extract_satisfaction.py:read", "message": "file read ok", "data": {"file": "Satisfaction_ESATIS48H_MCO_recueil2017_lexique_raw.csv", "rows": 23}, "hypothesisId": "H-sat", "runId": "post-fix"}
{"sessionId": "bddb4f", "timestamp": 1780922795976, "location": "extract_deces.py:load", "message": "chunked reader started", "data": {"date_col": "date_deces", "code_lieu_col": "code_lieu_deces", "useful_cols": ["date_deces", "code_lieu_deces"]}, "hypothesisId": "H-deces", "runId": "post-fix"}
{"sessionId": "bddb4f", "timestamp": 1780922796084, "location": "extract_satisfaction.py:read", "message": "file read ok", "data": {"file": "Satisfaction_2014_DPA_SSR_recueil2014_donnee2013_table_es.csv", "rows": 1405}, "hypothesisId": "H-sat", "runId": "post-fix"}
{"sessionId": "bddb4f", "timestamp": 1780922796575, "location": "extract_satisfaction.py:read", "message": "file read ok", "data": {"file": "Satisfaction_2014_DPA_SSR_recueil2014_donnee2013_table_lexique.csv", "rows": 21}, "hypothesisId": "H-sat", "runId": "post-fix"}
{"sessionId": "bddb4f", "timestamp": 1780922796690, "location": "extract_satisfaction.py:read", "message": "file read ok", "data": {"file": "Satisfaction_2014_DPA_SSR_recueil2014_donnee2013_table_participant.csv", "rows": 1242}, "hypothesisId": "H-sat", "runId": "post-fix"}
{"sessionId": "bddb4f", "timestamp": 1780922797099, "location": "extract_satisfaction.py:read", "message": "file read ok", "data": {"file": "Satisfaction_2014_RCP_MCO_recueil2014_donnee2013_table_es.csv", "rows": 772}, "hypothesisId": "H-sat", "runId": "post-fix"}
{"sessionId": "bddb4f", "timestamp": 1780922797331, "location": "extract_satisfaction.py:read", "message": "file read ok", "data": {"file": "Satisfaction_2014_RCP_MCO_recueil2014_donnee2013_table_lexique.csv", "rows": 5}, "hypothesisId": "H-sat", "runId": "post-fix"}
{"sessionId": "bddb4f", "timestamp": 1780922797415, "location": "extract_satisfaction.py:read", "message": "file read ok", "data": {"file": "Satisfaction_2014_RCP_MCO_recueil2014_donnee2013_table_participant.csv", "rows": 776}, "hypothesisId": "H-sat", "runId": "post-fix"}
{"sessionId": "bddb4f", "timestamp": 1780922797596, "location": "extract_satisfaction.py:read", "message": "file read ok", "data": {"file": "Satisfaction_2015_hpp_mco_recueil2015_donnee2014_lexique.csv", "rows": 18}, "hypothesisId": "H-sat", "runId": "post-fix"}
{"sessionId": "bddb4f", "timestamp": 1780922797712, "location": "extract_satisfaction.py:read", "message": "file read ok", "data": {"file": "Satisfaction_2015_hpp_mco_recueil2015_donnee2014_tables_es.csv", "rows": 518}, "hypothesisId": "H-sat", "runId": "post-fix"}
{"sessionId": "bddb4f", "timestamp": 1780922797908, "location": "extract_satisfaction.py:read", "message": "file read ok", "data": {"file": "Satisfaction_2015_idm_mco_recueil2015_donnee2014_tables_es.csv", "rows": 366}, "hypothesisId": "H-sat", "runId": "post-fix"}
{"sessionId": "bddb4f", "timestamp": 1780922798138, "location": "extract_satisfaction.py:read", "message": "file read ok", "data": {"file": "Satisfaction_2016_dan_mco_recueil2016_donnee2015_donnees.csv", "rows": 971}, "hypothesisId": "H-sat", "runId": "post-fix"}
{"sessionId": "bddb4f", "timestamp": 1780922798382, "location": "extract_satisfaction.py:read", "message": "file read ok", "data": {"file": "Satisfaction_2016_dan_mco_recueil2016_donnee2015_lexique.csv", "rows": 17}, "hypothesisId": "H-sat", "runId": "post-fix"}
{"sessionId": "bddb4f", "timestamp": 1780922798579, "location": "extract_satisfaction.py:read", "message": "file read ok", "data": {"file": "Satisfaction_2016_dpa_had_recueil2016_donnee2015_donnees.csv", "rows": 280}, "hypothesisId": "H-sat", "runId": "post-fix"}
{"sessionId": "bddb4f", "timestamp": 1780922798798, "location": "extract_satisfaction.py:read", "message": "file read ok", "data": {"file": "Satisfaction_2016_dpa_had_recueil2016_donnee2015_lexique.csv", "rows": 32}, "hypothesisId": "H-sat", "runId": "post-fix"}
{"sessionId": "bddb4f", "timestamp": 1780922799042, "location": "extract_satisfaction.py:read", "message": "file read ok", "data": {"file": "Satisfaction_2017-2018_dpa-ssr-recueil2018-donnee2017-donnees.csv", "rows": 1518}, "hypothesisId": "H-sat", "runId": "post-fix"}
{"sessionId": "bddb4f", "timestamp": 1780922799444, "location": "extract_satisfaction.py:read", "message": "file read ok", "data": {"file": "Satisfaction_2017-2018_dpa-ssr-recueil2018-donnee2017-lexique.csv", "rows": 19}, "hypothesisId": "H-sat", "runId": "post-fix"}
{"sessionId": "bddb4f", "timestamp": 1780922799579, "location": "extract_satisfaction.py:read", "message": "file read ok", "data": {"file": "Satisfaction_2017-2018_ete-ortho-ipaqss-2017-2018-donnees.csv", "rows": 740}, "hypothesisId": "H-sat", "runId": "post-fix"}
{"sessionId": "bddb4f", "timestamp": 1780922799740, "location": "extract_satisfaction.py:read", "message": "file read ok", "data": {"file": "Satisfaction_2017-2018_ete-ortho-ipaqss-2017-2018-lexique.csv", "rows": 8}, "hypothesisId": "H-sat", "runId": "post-fix"}
{"sessionId": "bddb4f", "timestamp": 1780922799887, "location": "extract_satisfaction.py:read", "message": "file read ok", "data": {"file": "Satisfaction_2017-2018_rcp-mco-recueil2018-donnee2017-donnees.csv", "rows": 728}, "hypothesisId": "H-sat", "runId": "post-fix"}
{"sessionId": "bddb4f", "timestamp": 1780922800064, "location": "extract_satisfaction.py:read", "message": "file read ok", "data": {"file": "Satisfaction_2017-2018_rcp-mco-recueil2018-donnee2017-lexique.csv", "rows": 12}, "hypothesisId": "H-sat", "runId": "post-fix"}
{"sessionId": "bddb4f", "timestamp": 1780922800146, "location": "extract_satisfaction.py:read", "message": "file read ok", "data": {"file": "Satisfaction_2019_lexique-esatis48h-mco-open-data-2019.csv", "rows": 25}, "hypothesisId": "H-sat", "runId": "post-fix"}
{"sessionId": "bddb4f", "timestamp": 1780922800217, "location": "extract_satisfaction.py:read", "message": "file read ok", "data": {"file": "Satisfaction_2019_lexique-esatisca-mco-open-data-2019.csv", "rows": 23}, "hypothesisId": "H-sat", "runId": "post-fix"}
{"sessionId": "bddb4f", "timestamp": 1780922800314, "location": "extract_satisfaction.py:read", "message": "file read ok", "data": {"file": "Satisfaction_2019_lexique-iqss-open-data-2019.csv", "rows": 49}, "hypothesisId": "H-sat", "runId": "post-fix"}
{"sessionId": "bddb4f", "timestamp": 1780922800788, "location": "extract_satisfaction.py:read", "message": "file read ok", "data": {"file": "Satisfaction_2019_resultats-esatis48h-mco-open-data-2019.csv", "rows": 1152}, "hypothesisId": "H-sat", "runId": "post-fix"}
{"sessionId": "bddb4f", "timestamp": 1780922801418, "location": "extract_satisfaction.py:read", "message": "file read ok", "data": {"file": "Satisfaction_2019_resultats-esatisca-mco-open-data-2019.csv", "rows": 945}, "hypothesisId": "H-sat", "runId": "post-fix"}
{"sessionId": "bddb4f", "timestamp": 1780922805554, "location": "extract_satisfaction.py:read", "message": "file read ok", "data": {"file": "Satisfaction_2019_resultats-iqss-open-data-2019.csv", "rows": 3392}, "hypothesisId": "H-sat", "runId": "post-fix"}
{"sessionId": "bddb4f", "timestamp": 1780922806668, "location": "extract_satisfaction.py:read", "message": "file read ok", "data": {"file": "Satisfaction_ESATIS48H_MCO_recueil2017_donnees.csv", "rows": 1157}, "hypothesisId": "H-sat", "runId": "post-fix"}
{"sessionId": "bddb4f", "timestamp": 1780922807062, "location": "extract_satisfaction.py:read", "message": "file read ok", "data": {"file": "Satisfaction_ESATIS48H_MCO_recueil2017_lexique.csv", "rows": 23}, "hypothesisId": "H-sat", "runId": "post-fix"}
{"sessionId": "bddb4f", "timestamp": 1780922848341, "location": "extract_satisfaction.py:read", "message": "file read ok", "data": {"file": "satisfaction_raw.csv", "rows": 5076}, "hypothesisId": "H-sat", "runId": "post-fix"}
{"sessionId": "bddb4f", "timestamp": 1780923177417, "location": "extract_satisfaction.py:read", "message": "file read ok", "data": {"file": "Satisfaction_2014_DPA_SSR_recueil2014_donnee2013_table_es_raw.csv", "rows": 1405}, "hypothesisId": "H-sat", "runId": "post-fix"}
{"sessionId": "bddb4f", "timestamp": 1780923177603, "location": "extract_satisfaction.py:read", "message": "file read ok", "data": {"file": "Satisfaction_2014_DPA_SSR_recueil2014_donnee2013_table_lexique_raw.csv", "rows": 21}, "hypothesisId": "H-sat", "runId": "post-fix"}
{"sessionId": "bddb4f", "timestamp": 1780923177635, "location": "extract_satisfaction.py:read", "message": "file read ok", "data": {"file": "Satisfaction_2014_DPA_SSR_recueil2014_donnee2013_table_participant_raw.csv", "rows": 1242}, "hypothesisId": "H-sat", "runId": "post-fix"}
{"sessionId": "bddb4f", "timestamp": 1780923177711, "location": "extract_satisfaction.py:read", "message": "file read ok", "data": {"file": "Satisfaction_2014_RCP_MCO_recueil2014_donnee2013_table_es_raw.csv", "rows": 772}, "hypothesisId": "H-sat", "runId": "post-fix"}
{"sessionId": "bddb4f", "timestamp": 1780923177756, "location": "extract_satisfaction.py:read", "message": "file read ok", "data": {"file": "Satisfaction_2014_RCP_MCO_recueil2014_donnee2013_table_lexique_raw.csv", "rows": 5}, "hypothesisId": "H-sat", "runId": "post-fix"}
{"sessionId": "bddb4f", "timestamp": 1780923177778, "location": "extract_satisfaction.py:read", "message": "file read ok", "data": {"file": "Satisfaction_2014_RCP_MCO_recueil2014_donnee2013_table_participant_raw.csv", "rows": 776}, "hypothesisId": "H-sat", "runId": "post-fix"}
{"sessionId": "bddb4f", "timestamp": 1780923177818, "location": "extract_satisfaction.py:read", "message": "file read ok", "data": {"file": "Satisfaction_2015_hpp_mco_recueil2015_donnee2014_lexique_raw.csv", "rows": 18}, "hypothesisId": "H-sat", "runId": "post-fix"}
{"sessionId": "bddb4f", "timestamp": 1780923177847, "location": "extract_satisfaction.py:read", "message": "file read ok", "data": {"file": "Satisfaction_2015_hpp_mco_recueil2015_donnee2014_tables_es_raw.csv", "rows": 518}, "hypothesisId": "H-sat", "runId": "post-fix"}
{"sessionId": "bddb4f", "timestamp": 1780923178074, "location": "extract_satisfaction.py:read", "message": "file read ok", "data": {"file": "Satisfaction_2015_idm_mco_recueil2015_donnee2014_tables_es_raw.csv", "rows": 366}, "hypothesisId": "H-sat", "runId": "post-fix"}
{"sessionId": "bddb4f", "timestamp": 1780923178285, "location": "extract_satisfaction.py:read", "message": "file read ok", "data": {"file": "Satisfaction_2016_dan_mco_recueil2016_donnee2015_donnees_raw.csv", "rows": 971}, "hypothesisId": "H-sat", "runId": "post-fix"}
{"sessionId": "bddb4f", "timestamp": 1780923178399, "location": "extract_satisfaction.py:read", "message": "file read ok", "data": {"file": "Satisfaction_2016_dan_mco_recueil2016_donnee2015_lexique_raw.csv", "rows": 17}, "hypothesisId": "H-sat", "runId": "post-fix"}
{"sessionId": "bddb4f", "timestamp": 1780923178628, "location": "extract_satisfaction.py:read", "message": "file read ok", "data": {"file": "Satisfaction_2016_dpa_had_recueil2016_donnee2015_donnees_raw.csv", "rows": 280}, "hypothesisId": "H-sat", "runId": "post-fix"}
{"sessionId": "bddb4f", "timestamp": 1780923178665, "location": "extract_satisfaction.py:read", "message": "file read ok", "data": {"file": "Satisfaction_2016_dpa_had_recueil2016_donnee2015_lexique_raw.csv", "rows": 32}, "hypothesisId": "H-sat", "runId": "post-fix"}
{"sessionId": "bddb4f", "timestamp": 1780923178738, "location": "extract_satisfaction.py:read", "message": "file read ok", "data": {"file": "Satisfaction_2017-2018_dpa-ssr-recueil2018-donnee2017-donnees_raw.csv", "rows": 1518}, "hypothesisId": "H-sat", "runId": "post-fix"}
{"sessionId": "bddb4f", "timestamp": 1780923178842, "location": "extract_satisfaction.py:read", "message": "file read ok", "data": {"file": "Satisfaction_2017-2018_dpa-ssr-recueil2018-donnee2017-lexique_raw.csv", "rows": 19}, "hypothesisId": "H-sat", "runId": "post-fix"}
{"sessionId": "bddb4f", "timestamp": 1780923179297, "location": "extract_satisfaction.py:read", "message": "file read ok", "data": {"file": "Satisfaction_2017-2018_ete-ortho-ipaqss-2017-2018-donnees_raw.csv", "rows": 740}, "hypothesisId": "H-sat", "runId": "post-fix"}
{"sessionId": "bddb4f", "timestamp": 1780923179362, "location": "extract_satisfaction.py:read", "message": "file read ok", "data": {"file": "Satisfaction_2017-2018_ete-ortho-ipaqss-2017-2018-lexique_raw.csv", "rows": 8}, "hypothesisId": "H-sat", "runId": "post-fix"}
{"sessionId": "bddb4f", "timestamp": 1780923180294, "location": "extract_satisfaction.py:read", "message": "file read ok", "data": {"file": "Satisfaction_2017-2018_rcp-mco-recueil2018-donnee2017-donnees_raw.csv", "rows": 728}, "hypothesisId": "H-sat", "runId": "post-fix"}
{"sessionId": "bddb4f", "timestamp": 1780923180407, "location": "extract_satisfaction.py:read", "message": "file read ok", "data": {"file": "Satisfaction_2017-2018_rcp-mco-recueil2018-donnee2017-lexique_raw.csv", "rows": 12}, "hypothesisId": "H-sat", "runId": "post-fix"}
{"sessionId": "bddb4f", "timestamp": 1780923180430, "location": "extract_satisfaction.py:read", "message": "file read ok", "data": {"file": "Satisfaction_2019_lexique-esatis48h-mco-open-data-2019_raw.csv", "rows": 25}, "hypothesisId": "H-sat", "runId": "post-fix"}
{"sessionId": "bddb4f", "timestamp": 1780923180456, "location": "extract_satisfaction.py:read", "message": "file read ok", "data": {"file": "Satisfaction_2019_lexique-esatisca-mco-open-data-2019_raw.csv", "rows": 23}, "hypothesisId": "H-sat", "runId": "post-fix"}
{"sessionId": "bddb4f", "timestamp": 1780923180479, "location": "extract_satisfaction.py:read", "message": "file read ok", "data": {"file": "Satisfaction_2019_lexique-iqss-open-data-2019_raw.csv", "rows": 49}, "hypothesisId": "H-sat", "runId": "post-fix"}
{"sessionId": "bddb4f", "timestamp": 1780923180688, "location": "extract_satisfaction.py:read", "message": "file read ok", "data": {"file": "Satisfaction_2019_resultats-esatis48h-mco-open-data-2019_raw.csv", "rows": 1152}, "hypothesisId": "H-sat", "runId": "post-fix"}
{"sessionId": "bddb4f", "timestamp": 1780923182547, "location": "extract_satisfaction.py:read", "message": "file read ok", "data": {"file": "Satisfaction_2019_resultats-esatisca-mco-open-data-2019_raw.csv", "rows": 945}, "hypothesisId": "H-sat", "runId": "post-fix"}
{"sessionId": "bddb4f", "timestamp": 1780923184831, "location": "extract_satisfaction.py:read", "message": "file read ok", "data": {"file": "Satisfaction_2019_resultats-iqss-open-data-2019_raw.csv", "rows": 3392}, "hypothesisId": "H-sat", "runId": "post-fix"}
{"sessionId": "bddb4f", "timestamp": 1780923185363, "location": "extract_satisfaction.py:read", "message": "file read ok", "data": {"file": "Satisfaction_ESATIS48H_MCO_recueil2017_donnees_raw.csv", "rows": 1157}, "hypothesisId": "H-sat", "runId": "post-fix"}
{"sessionId": "bddb4f", "timestamp": 1780923185537, "location": "extract_satisfaction.py:read", "message": "file read ok", "data": {"file": "Satisfaction_ESATIS48H_MCO_recueil2017_lexique_raw.csv", "rows": 23}, "hypothesisId": "H-sat", "runId": "post-fix"}
{"sessionId": "bddb4f", "timestamp": 1780923342109, "location": "extract_deces.py:load", "message": "chunked reader started", "data": {"date_col": "date_deces", "code_lieu_col": "code_lieu_deces", "useful_cols": ["date_deces", "code_lieu_deces"]}, "hypothesisId": "H-deces", "runId": "post-fix"}
{"sessionId": "bddb4f", "timestamp": 1780923342156, "location": "extract_deces.py:load", "message": "chunked reader started", "data": {"date_col": "date_deces", "code_lieu_col": "code_lieu_deces", "useful_cols": ["date_deces", "code_lieu_deces"]}, "hypothesisId": "H-deces", "runId": "post-fix"}
{"sessionId": "bddb4f", "timestamp": 1780924376819, "location": "extract_deces.py:load", "message": "chunked reader started", "data": {"date_col": "date_deces", "code_lieu_col": "code_lieu_deces", "useful_cols": ["date_deces", "code_lieu_deces"]}, "hypothesisId": "H-deces", "runId": "post-fix"}
{"sessionId": "bddb4f", "timestamp": 1780924592999, "location": "extract_deces.py:done", "message": "extraction complete", "data": {"rows_out": 24775383}, "hypothesisId": "H-deces", "runId": "post-fix"}
{"sessionId": "bddb4f", "timestamp": 1780924641671, "location": "extract_deces.py:done", "message": "extraction complete", "data": {"rows_out": 24775383}, "hypothesisId": "H-deces", "runId": "post-fix"}
{"sessionId": "bddb4f", "timestamp": 1780925292505, "location": "extract_postgres.py:fallback", "message": "fallback to existing bronze CSV", "data": {"file": "/opt/airflow/data/bronze/consultations_raw.csv", "size": 58980315}, "hypothesisId": "H1", "runId": "post-fix"}
{"sessionId": "bddb4f", "timestamp": 1780925415326, "location": "extract_deces.py:load", "message": "chunked reader started", "data": {"date_col": "date_deces", "code_lieu_col": "code_lieu_deces", "useful_cols": ["date_deces", "code_lieu_deces"]}, "hypothesisId": "H-deces", "runId": "post-fix"}
{"sessionId": "bddb4f", "timestamp": 1780925415509, "location": "extract_satisfaction.py:read", "message": "file read ok", "data": {"file": "Satisfaction_2014_DPA_SSR_recueil2014_donnee2013_table_es.csv", "rows": 1405}, "hypothesisId": "H-sat", "runId": "post-fix"}
{"sessionId": "bddb4f", "timestamp": 1780925415623, "location": "extract_satisfaction.py:read", "message": "file read ok", "data": {"file": "Satisfaction_2014_DPA_SSR_recueil2014_donnee2013_table_lexique.csv", "rows": 21}, "hypothesisId": "H-sat", "runId": "post-fix"}
{"sessionId": "bddb4f", "timestamp": 1780925415692, "location": "extract_satisfaction.py:read", "message": "file read ok", "data": {"file": "Satisfaction_2014_DPA_SSR_recueil2014_donnee2013_table_participant.csv", "rows": 1242}, "hypothesisId": "H-sat", "runId": "post-fix"}
{"sessionId": "bddb4f", "timestamp": 1780925415894, "location": "extract_satisfaction.py:read", "message": "file read ok", "data": {"file": "Satisfaction_2014_RCP_MCO_recueil2014_donnee2013_table_es.csv", "rows": 772}, "hypothesisId": "H-sat", "runId": "post-fix"}
{"sessionId": "bddb4f", "timestamp": 1780925415998, "location": "extract_satisfaction.py:read", "message": "file read ok", "data": {"file": "Satisfaction_2014_RCP_MCO_recueil2014_donnee2013_table_lexique.csv", "rows": 5}, "hypothesisId": "H-sat", "runId": "post-fix"}
{"sessionId": "bddb4f", "timestamp": 1780925416035, "location": "extract_satisfaction.py:read", "message": "file read ok", "data": {"file": "Satisfaction_2014_RCP_MCO_recueil2014_donnee2013_table_participant.csv", "rows": 776}, "hypothesisId": "H-sat", "runId": "post-fix"}
{"sessionId": "bddb4f", "timestamp": 1780925416120, "location": "extract_satisfaction.py:read", "message": "file read ok", "data": {"file": "Satisfaction_2015_hpp_mco_recueil2015_donnee2014_lexique.csv", "rows": 18}, "hypothesisId": "H-sat", "runId": "post-fix"}
{"sessionId": "bddb4f", "timestamp": 1780925416150, "location": "extract_satisfaction.py:read", "message": "file read ok", "data": {"file": "Satisfaction_2015_hpp_mco_recueil2015_donnee2014_tables_es.csv", "rows": 518}, "hypothesisId": "H-sat", "runId": "post-fix"}
{"sessionId": "bddb4f", "timestamp": 1780925416209, "location": "extract_satisfaction.py:read", "message": "file read ok", "data": {"file": "Satisfaction_2015_idm_mco_recueil2015_donnee2014_tables_es.csv", "rows": 366}, "hypothesisId": "H-sat", "runId": "post-fix"}
{"sessionId": "bddb4f", "timestamp": 1780925416277, "location": "extract_satisfaction.py:read", "message": "file read ok", "data": {"file": "Satisfaction_2016_dan_mco_recueil2016_donnee2015_donnees.csv", "rows": 971}, "hypothesisId": "H-sat", "runId": "post-fix"}
{"sessionId": "bddb4f", "timestamp": 1780925416344, "location": "extract_satisfaction.py:read", "message": "file read ok", "data": {"file": "Satisfaction_2016_dan_mco_recueil2016_donnee2015_lexique.csv", "rows": 17}, "hypothesisId": "H-sat", "runId": "post-fix"}
{"sessionId": "bddb4f", "timestamp": 1780925416381, "location": "extract_satisfaction.py:read", "message": "file read ok", "data": {"file": "Satisfaction_2016_dpa_had_recueil2016_donnee2015_donnees.csv", "rows": 280}, "hypothesisId": "H-sat", "runId": "post-fix"}
{"sessionId": "bddb4f", "timestamp": 1780925416414, "location": "extract_satisfaction.py:read", "message": "file read ok", "data": {"file": "Satisfaction_2016_dpa_had_recueil2016_donnee2015_lexique.csv", "rows": 32}, "hypothesisId": "H-sat", "runId": "post-fix"}
{"sessionId": "bddb4f", "timestamp": 1780925416489, "location": "extract_satisfaction.py:read", "message": "file read ok", "data": {"file": "Satisfaction_2017-2018_dpa-ssr-recueil2018-donnee2017-donnees.csv", "rows": 1518}, "hypothesisId": "H-sat", "runId": "post-fix"}
{"sessionId": "bddb4f", "timestamp": 1780925416564, "location": "extract_satisfaction.py:read", "message": "file read ok", "data": {"file": "Satisfaction_2017-2018_dpa-ssr-recueil2018-donnee2017-lexique.csv", "rows": 19}, "hypothesisId": "H-sat", "runId": "post-fix"}
{"sessionId": "bddb4f", "timestamp": 1780925416597, "location": "extract_satisfaction.py:read", "message": "file read ok", "data": {"file": "Satisfaction_2017-2018_ete-ortho-ipaqss-2017-2018-donnees.csv", "rows": 740}, "hypothesisId": "H-sat", "runId": "post-fix"}
{"sessionId": "bddb4f", "timestamp": 1780925416671, "location": "extract_satisfaction.py:read", "message": "file read ok", "data": {"file": "Satisfaction_2017-2018_ete-ortho-ipaqss-2017-2018-lexique.csv", "rows": 8}, "hypothesisId": "H-sat", "runId": "post-fix"}
{"sessionId": "bddb4f", "timestamp": 1780925416710, "location": "extract_satisfaction.py:read", "message": "file read ok", "data": {"file": "Satisfaction_2017-2018_rcp-mco-recueil2018-donnee2017-donnees.csv", "rows": 728}, "hypothesisId": "H-sat", "runId": "post-fix"}
{"sessionId": "bddb4f", "timestamp": 1780925416760, "location": "extract_satisfaction.py:read", "message": "file read ok", "data": {"file": "Satisfaction_2017-2018_rcp-mco-recueil2018-donnee2017-lexique.csv", "rows": 12}, "hypothesisId": "H-sat", "runId": "post-fix"}
{"sessionId": "bddb4f", "timestamp": 1780925416783, "location": "extract_satisfaction.py:read", "message": "file read ok", "data": {"file": "Satisfaction_2019_lexique-esatis48h-mco-open-data-2019.csv", "rows": 25}, "hypothesisId": "H-sat", "runId": "post-fix"}
{"sessionId": "bddb4f", "timestamp": 1780925416804, "location": "extract_satisfaction.py:read", "message": "file read ok", "data": {"file": "Satisfaction_2019_lexique-esatisca-mco-open-data-2019.csv", "rows": 23}, "hypothesisId": "H-sat", "runId": "post-fix"}
{"sessionId": "bddb4f", "timestamp": 1780925416824, "location": "extract_satisfaction.py:read", "message": "file read ok", "data": {"file": "Satisfaction_2019_lexique-iqss-open-data-2019.csv", "rows": 49}, "hypothesisId": "H-sat", "runId": "post-fix"}
{"sessionId": "bddb4f", "timestamp": 1780925416979, "location": "extract_satisfaction.py:read", "message": "file read ok", "data": {"file": "Satisfaction_2019_resultats-esatis48h-mco-open-data-2019.csv", "rows": 1152}, "hypothesisId": "H-sat", "runId": "post-fix"}
{"sessionId": "bddb4f", "timestamp": 1780925417391, "location": "extract_satisfaction.py:read", "message": "file read ok", "data": {"file": "Satisfaction_2019_resultats-esatisca-mco-open-data-2019.csv", "rows": 945}, "hypothesisId": "H-sat", "runId": "post-fix"}
{"sessionId": "bddb4f", "timestamp": 1780925419444, "location": "extract_satisfaction.py:read", "message": "file read ok", "data": {"file": "Satisfaction_2019_resultats-iqss-open-data-2019.csv", "rows": 3392}, "hypothesisId": "H-sat", "runId": "post-fix"}
{"sessionId": "bddb4f", "timestamp": 1780925419903, "location": "extract_satisfaction.py:read", "message": "file read ok", "data": {"file": "Satisfaction_ESATIS48H_MCO_recueil2017_donnees.csv", "rows": 1157}, "hypothesisId": "H-sat", "runId": "post-fix"}
{"sessionId": "bddb4f", "timestamp": 1780925420113, "location": "extract_satisfaction.py:read", "message": "file read ok", "data": {"file": "Satisfaction_ESATIS48H_MCO_recueil2017_lexique.csv", "rows": 23}, "hypothesisId": "H-sat", "runId": "post-fix"}
{"sessionId": "bddb4f", "timestamp": 1780925420398, "location": "extract_satisfaction.py:read", "message": "file read ok", "data": {"file": "satisfaction_raw.csv", "rows": 7614}, "hypothesisId": "H-sat", "runId": "post-fix"}
{"sessionId": "bddb4f", "timestamp": 1780925421316, "location": "extract_satisfaction.py:read", "message": "file read ok", "data": {"file": "Satisfaction_2014_DPA_SSR_recueil2014_donnee2013_table_es_raw.csv", "rows": 1405}, "hypothesisId": "H-sat", "runId": "post-fix"}
{"sessionId": "bddb4f", "timestamp": 1780925421612, "location": "extract_satisfaction.py:read", "message": "file read ok", "data": {"file": "Satisfaction_2014_DPA_SSR_recueil2014_donnee2013_table_lexique_raw.csv", "rows": 21}, "hypothesisId": "H-sat", "runId": "post-fix"}
{"sessionId": "bddb4f", "timestamp": 1780925421657, "location": "extract_satisfaction.py:read", "message": "file read ok", "data": {"file": "Satisfaction_2014_DPA_SSR_recueil2014_donnee2013_table_participant_raw.csv", "rows": 1242}, "hypothesisId": "H-sat", "runId": "post-fix"}
{"sessionId": "bddb4f", "timestamp": 1780925421778, "location": "extract_satisfaction.py:read", "message": "file read ok", "data": {"file": "Satisfaction_2014_RCP_MCO_recueil2014_donnee2013_table_es_raw.csv", "rows": 772}, "hypothesisId": "H-sat", "runId": "post-fix"}
{"sessionId": "bddb4f", "timestamp": 1780925421880, "location": "extract_satisfaction.py:read", "message": "file read ok", "data": {"file": "Satisfaction_2014_RCP_MCO_recueil2014_donnee2013_table_lexique_raw.csv", "rows": 5}, "hypothesisId": "H-sat", "runId": "post-fix"}
{"sessionId": "bddb4f", "timestamp": 1780925421915, "location": "extract_satisfaction.py:read", "message": "file read ok", "data": {"file": "Satisfaction_2014_RCP_MCO_recueil2014_donnee2013_table_participant_raw.csv", "rows": 776}, "hypothesisId": "H-sat", "runId": "post-fix"}
{"sessionId": "bddb4f", "timestamp": 1780925422010, "location": "extract_satisfaction.py:read", "message": "file read ok", "data": {"file": "Satisfaction_2015_hpp_mco_recueil2015_donnee2014_lexique_raw.csv", "rows": 18}, "hypothesisId": "H-sat", "runId": "post-fix"}
{"sessionId": "bddb4f", "timestamp": 1780925422057, "location": "extract_satisfaction.py:read", "message": "file read ok", "data": {"file": "Satisfaction_2015_hpp_mco_recueil2015_donnee2014_tables_es_raw.csv", "rows": 518}, "hypothesisId": "H-sat", "runId": "post-fix"}
{"sessionId": "bddb4f", "timestamp": 1780925422129, "location": "extract_satisfaction.py:read", "message": "file read ok", "data": {"file": "Satisfaction_2015_idm_mco_recueil2015_donnee2014_tables_es_raw.csv", "rows": 366}, "hypothesisId": "H-sat", "runId": "post-fix"}
{"sessionId": "bddb4f", "timestamp": 1780925422243, "location": "extract_satisfaction.py:read", "message": "file read ok", "data": {"file": "Satisfaction_2016_dan_mco_recueil2016_donnee2015_donnees_raw.csv", "rows": 971}, "hypothesisId": "H-sat", "runId": "post-fix"}
{"sessionId": "bddb4f", "timestamp": 1780925422328, "location": "extract_satisfaction.py:read", "message": "file read ok", "data": {"file": "Satisfaction_2016_dan_mco_recueil2016_donnee2015_lexique_raw.csv", "rows": 17}, "hypothesisId": "H-sat", "runId": "post-fix"}
{"sessionId": "bddb4f", "timestamp": 1780925422361, "location": "extract_satisfaction.py:read", "message": "file read ok", "data": {"file": "Satisfaction_2016_dpa_had_recueil2016_donnee2015_donnees_raw.csv", "rows": 280}, "hypothesisId": "H-sat", "runId": "post-fix"}
{"sessionId": "bddb4f", "timestamp": 1780925422404, "location": "extract_satisfaction.py:read", "message": "file read ok", "data": {"file": "Satisfaction_2016_dpa_had_recueil2016_donnee2015_lexique_raw.csv", "rows": 32}, "hypothesisId": "H-sat", "runId": "post-fix"}
{"sessionId": "bddb4f", "timestamp": 1780925422493, "location": "extract_satisfaction.py:read", "message": "file read ok", "data": {"file": "Satisfaction_2017-2018_dpa-ssr-recueil2018-donnee2017-donnees_raw.csv", "rows": 1518}, "hypothesisId": "H-sat", "runId": "post-fix"}
{"sessionId": "bddb4f", "timestamp": 1780925422658, "location": "extract_satisfaction.py:read", "message": "file read ok", "data": {"file": "Satisfaction_2017-2018_dpa-ssr-recueil2018-donnee2017-lexique_raw.csv", "rows": 19}, "hypothesisId": "H-sat", "runId": "post-fix"}
{"sessionId": "bddb4f", "timestamp": 1780925422729, "location": "extract_satisfaction.py:read", "message": "file read ok", "data": {"file": "Satisfaction_2017-2018_ete-ortho-ipaqss-2017-2018-donnees_raw.csv", "rows": 740}, "hypothesisId": "H-sat", "runId": "post-fix"}
{"sessionId": "bddb4f", "timestamp": 1780925422875, "location": "extract_satisfaction.py:read", "message": "file read ok", "data": {"file": "Satisfaction_2017-2018_ete-ortho-ipaqss-2017-2018-lexique_raw.csv", "rows": 8}, "hypothesisId": "H-sat", "runId": "post-fix"}
{"sessionId": "bddb4f", "timestamp": 1780925422950, "location": "extract_satisfaction.py:read", "message": "file read ok", "data": {"file": "Satisfaction_2017-2018_rcp-mco-recueil2018-donnee2017-donnees_raw.csv", "rows": 728}, "hypothesisId": "H-sat", "runId": "post-fix"}
{"sessionId": "bddb4f", "timestamp": 1780925423089, "location": "extract_satisfaction.py:read", "message": "file read ok", "data": {"file": "Satisfaction_2017-2018_rcp-mco-recueil2018-donnee2017-lexique_raw.csv", "rows": 12}, "hypothesisId": "H-sat", "runId": "post-fix"}
{"sessionId": "bddb4f", "timestamp": 1780925423145, "location": "extract_satisfaction.py:read", "message": "file read ok", "data": {"file": "Satisfaction_2019_lexique-esatis48h-mco-open-data-2019_raw.csv", "rows": 25}, "hypothesisId": "H-sat", "runId": "post-fix"}
{"sessionId": "bddb4f", "timestamp": 1780925423175, "location": "extract_satisfaction.py:read", "message": "file read ok", "data": {"file": "Satisfaction_2019_lexique-esatisca-mco-open-data-2019_raw.csv", "rows": 23}, "hypothesisId": "H-sat", "runId": "post-fix"}
{"sessionId": "bddb4f", "timestamp": 1780925423212, "location": "extract_satisfaction.py:read", "message": "file read ok", "data": {"file": "Satisfaction_2019_lexique-iqss-open-data-2019_raw.csv", "rows": 49}, "hypothesisId": "H-sat", "runId": "post-fix"}
{"sessionId": "bddb4f", "timestamp": 1780925423329, "location": "extract_satisfaction.py:read", "message": "file read ok", "data": {"file": "Satisfaction_2019_resultats-esatis48h-mco-open-data-2019_raw.csv", "rows": 1152}, "hypothesisId": "H-sat", "runId": "post-fix"}
{"sessionId": "bddb4f", "timestamp": 1780925423532, "location": "extract_satisfaction.py:read", "message": "file read ok", "data": {"file": "Satisfaction_2019_resultats-esatisca-mco-open-data-2019_raw.csv", "rows": 945}, "hypothesisId": "H-sat", "runId": "post-fix"}
{"sessionId": "bddb4f", "timestamp": 1780925424868, "location": "extract_satisfaction.py:read", "message": "file read ok", "data": {"file": "Satisfaction_2019_resultats-iqss-open-data-2019_raw.csv", "rows": 3392}, "hypothesisId": "H-sat", "runId": "post-fix"}
{"sessionId": "bddb4f", "timestamp": 1780925425226, "location": "extract_satisfaction.py:read", "message": "file read ok", "data": {"file": "Satisfaction_ESATIS48H_MCO_recueil2017_donnees_raw.csv", "rows": 1157}, "hypothesisId": "H-sat", "runId": "post-fix"}
{"sessionId": "bddb4f", "timestamp": 1780925425345, "location": "extract_satisfaction.py:read", "message": "file read ok", "data": {"file": "Satisfaction_ESATIS48H_MCO_recueil2017_lexique_raw.csv", "rows": 23}, "hypothesisId": "H-sat", "runId": "post-fix"}
{"sessionId": "bddb4f", "timestamp": 1780925591527, "location": "extract_deces.py:done", "message": "extraction complete", "data": {"rows_out": 24775383}, "hypothesisId": "H-deces", "runId": "post-fix"}
